{"name": "test_sign_up_invalid_bn_number3", "status": "failed", "statusDetails": {"message": "AssertionError: assert 'ח.פ לא תקין' in 'ח.פ./ע.מ'\n +  where 'ח.פ./ע.מ' = <bound method CommonActions.get_attribute_by_textcontent of <src.utils.commonActions.CommonActions object at 0x000001538DFDFFD0>>(('css selector', '#root > div > div.modal_modalWrapper.false.modal_open > div > div > div > div > form > div:nth-child(1) > div:nth-child(2)'))\n +    where <bound method CommonActions.get_attribute_by_textcontent of <src.utils.commonActions.CommonActions object at 0x000001538DFDFFD0>> = <src.utils.commonActions.CommonActions object at 0x000001538DFDFFD0>.get_attribute_by_textcontent\n +      where <src.utils.commonActions.CommonActions object at 0x000001538DFDFFD0> = <tests.chromeTests.testSignUpModal.TestSignUpModal object at 0x000001538DF7D300>.common_actions", "trace": "self = <tests.chromeTests.testSignUpModal.TestSignUpModal object at 0x000001538DF7D300>\ndriver = <selenium.webdriver.chrome.webdriver.WebDriver (session=\"9d64aed3e9ada6c651c0068393413fd5\")>\n\n    @allure.description(\"the test is verify, that user can't sign up with invalid business number\")\n    def test_sign_up_invalid_bn_number3(self, driver):\n        self.welcome_to_modal.choose_coktails()\n        self.home_page.sign_in_click()\n        self.sign_up_modal.sign_up_btn_click()\n        self.sign_up_modal.set_bn_number(\"1\" * 10)\n>       assert \"ח.פ לא תקין\" in self.common_actions.get_attribute_by_textcontent(sign_up_lcs[\"bnnum_div\"])\nE       AssertionError: assert 'ח.פ לא תקין' in 'ח.פ./ע.מ'\nE        +  where 'ח.פ./ע.מ' = <bound method CommonActions.get_attribute_by_textcontent of <src.utils.commonActions.CommonActions object at 0x000001538DFDFFD0>>(('css selector', '#root > div > div.modal_modalWrapper.false.modal_open > div > div > div > div > form > div:nth-child(1) > div:nth-child(2)'))\nE        +    where <bound method CommonActions.get_attribute_by_textcontent of <src.utils.commonActions.CommonActions object at 0x000001538DFDFFD0>> = <src.utils.commonActions.CommonActions object at 0x000001538DFDFFD0>.get_attribute_by_textcontent\nE        +      where <src.utils.commonActions.CommonActions object at 0x000001538DFDFFD0> = <tests.chromeTests.testSignUpModal.TestSignUpModal object at 0x000001538DF7D300>.common_actions\n\ntests\\chromeTests\\testSignUpModal.py:90: AssertionError"}, "description": "the test is verify, that user can't sign up with invalid business number", "start": 1680348759595, "stop": 1680348760324, "uuid": "96e0a497-bcc1-434f-b783-9b25e4f7fb36", "historyId": "a1fd9a45a91c361aa374b0d8536c9ce5", "testCaseId": "e3969215712108fd4f97619fa47a9b88", "fullName": "tests.chromeTests.testSignUpModal.TestSignUpModal#test_sign_up_invalid_bn_number3", "labels": [{"name": "parentSuite", "value": "tests.chromeTests"}, {"name": "suite", "value": "testSignUpModal"}, {"name": "subSuite", "value": "TestSignUpModal"}, {"name": "host", "value": "krot"}, {"name": "thread", "value": "12616-MainThread"}, {"name": "framework", "value": "pytest"}, {"name": "language", "value": "cpython3"}, {"name": "package", "value": "tests.chromeTests.testSignUpModal"}]}