{"name": "test_search_fld_valid2", "status": "failed", "statusDetails": {"message": "AssertionError: assert 'אק' in 'בדיקה 2'\n +  where 'בדיקה 2' = <bound method CommonActions.get_attribute_by_textcontent of <src.utils.commonActions.CommonActions object at 0x000001EE6A9ABEE0>>(('css selector', '#root > div > div.pages_pages > header > div > div > div > div.mainSearch_results > div > a:nth-child(1) > div > div.productDesc_productDesc.inlineProduct_desc > div.productDesc_name'))\n +    where <bound method CommonActions.get_attribute_by_textcontent of <src.utils.commonActions.CommonActions object at 0x000001EE6A9ABEE0>> = <src.utils.commonActions.CommonActions object at 0x000001EE6A9ABEE0>.get_attribute_by_textcontent\n +      where <src.utils.commonActions.CommonActions object at 0x000001EE6A9ABEE0> = <tests.chromeTests.testHomePage.TestHomePage object at 0x000001EE6A9E0790>.common_actions", "trace": "self = <tests.chromeTests.testHomePage.TestHomePage object at 0x000001EE6A9E0790>\ndriver = <selenium.webdriver.chrome.webdriver.WebDriver (session=\"d4c633c03ace45423eab3a6b05f9c64f\")>\n\n    @allure.description(\"the test is verify, if user can search valid item \")\n    def test_search_fld_valid2(self, driver):\n        self.welcome_to_modal.choose_coktails()\n        self.home_page.set_search_fld(\"אק\")\n        self.home_page.search_fld_click()\n>       assert \"אק\" in self.common_actions.get_attribute_by_textcontent(home_lcs[\"first_search_result\"])\nE       AssertionError: assert 'אק' in 'בדיקה 2'\nE        +  where 'בדיקה 2' = <bound method CommonActions.get_attribute_by_textcontent of <src.utils.commonActions.CommonActions object at 0x000001EE6A9ABEE0>>(('css selector', '#root > div > div.pages_pages > header > div > div > div > div.mainSearch_results > div > a:nth-child(1) > div > div.productDesc_productDesc.inlineProduct_desc > div.productDesc_name'))\nE        +    where <bound method CommonActions.get_attribute_by_textcontent of <src.utils.commonActions.CommonActions object at 0x000001EE6A9ABEE0>> = <src.utils.commonActions.CommonActions object at 0x000001EE6A9ABEE0>.get_attribute_by_textcontent\nE        +      where <src.utils.commonActions.CommonActions object at 0x000001EE6A9ABEE0> = <tests.chromeTests.testHomePage.TestHomePage object at 0x000001EE6A9E0790>.common_actions\n\ntests\\chromeTests\\testHomePage.py:28: AssertionError"}, "description": "the test is verify, if user can search valid item ", "start": 1680535263569, "stop": 1680535265522, "uuid": "f1a6725e-61d8-4562-b49f-384cd61d574c", "historyId": "68ce3422b10818495d7934853b064354", "testCaseId": "87667dd922a7e9e0e53de132e2ae3463", "fullName": "tests.chromeTests.testHomePage.TestHomePage#test_search_fld_valid2", "labels": [{"name": "parentSuite", "value": "tests.chromeTests"}, {"name": "suite", "value": "testHomePage"}, {"name": "subSuite", "value": "TestHomePage"}, {"name": "host", "value": "krot"}, {"name": "thread", "value": "19772-MainThread"}, {"name": "framework", "value": "pytest"}, {"name": "language", "value": "cpython3"}, {"name": "package", "value": "tests.chromeTests.testHomePage"}]}