{"name": "test_decreasing_count_of_items", "status": "broken", "statusDetails": {"message": "selenium.common.exceptions.TimeoutException: Message: \nStacktrace:\nBacktrace:\n\t(No symbol) [0x00BFDCE3]\n\t(No symbol) [0x00B939D1]\n\t(No symbol) [0x00AA4DA8]\n\t(No symbol) [0x00AD019F]\n\t(No symbol) [0x00AD03AB]\n\t(No symbol) [0x00AFEE62]\n\t(No symbol) [0x00AEAF14]\n\t(No symbol) [0x00AFD57C]\n\t(No symbol) [0x00AEACC6]\n\t(No symbol) [0x00AC6F68]\n\t(No symbol) [0x00AC80CD]\n\tGetHandleVerifier [0x00E73832+2506274]\n\tGetHandleVerifier [0x00EA9794+2727300]\n\tGetHandleVerifier [0x00EAE36C+2746716]\n\tGetHandleVerifier [0x00CA6690+617600]\n\t(No symbol) [0x00B9C712]\n\t(No symbol) [0x00BA1FF8]\n\t(No symbol) [0x00BA20DB]\n\t(No symbol) [0x00BAC63B]\n\tBaseThreadInitThunk [0x76327D69+25]\n\tRtlInitializeExceptionChain [0x76FFB74B+107]\n\tRtlClearBits [0x76FFB6CF+191]", "trace": "self = <tests.chromeTests.testCartBar.TestCartBar object at 0x00000179E6C86C20>\ndriver = <selenium.webdriver.chrome.webdriver.WebDriver (session=\"f828d6f66aaa6fc7784f79a2520c2e46\")>\n\n    @allure.description(\"the test, that verify if user can decrease some amount of items in the cart\")\n    def test_decreasing_count_of_items(self, driver):\n        self.welcome_to_modal.choose_coktails()\n>       self.product_page.add_1item()\n\ntests\\chromeTests\\testCartBar.py:51: \n_ _ _ _ _ _ _ _ _ _ _ _ _ _ _ _ _ _ _ _ _ _ _ _ _ _ _ _ _ _ _ _ _ _ _ _ _ _ _ _ _ _ _ _ _ _ _ _ _ _ _ _ _ _ _ _ _ _ _ _ _ _ _ _ _ _ _ _ _ _ _ _ _ \nsrc\\pages\\productPage.py:20: in add_1item\n    ProductPage.plus_btn_click(self)\nsrc\\pages\\productPage.py:10: in plus_btn_click\n    CommonActions.click_on_visible_locator_ac(self, product_lcs[\"plus_btn\"])\nsrc\\utils\\commonActions.py:18: in click_on_visible_locator_ac\n    element = wdw(self.driver, 5).until(ec.visibility_of_element_located(locator))\n_ _ _ _ _ _ _ _ _ _ _ _ _ _ _ _ _ _ _ _ _ _ _ _ _ _ _ _ _ _ _ _ _ _ _ _ _ _ _ _ _ _ _ _ _ _ _ _ _ _ _ _ _ _ _ _ _ _ _ _ _ _ _ _ _ _ _ _ _ _ _ _ _ \n\nself = <selenium.webdriver.support.wait.WebDriverWait (session=\"f828d6f66aaa6fc7784f79a2520c2e46\")>\nmethod = <function visibility_of_element_located.<locals>._predicate at 0x00000179E6FBE320>, message = ''\n\n    def until(self, method, message: str = \"\"):\n        \"\"\"Calls the method provided with the driver as an argument until the \\\n        return value does not evaluate to ``False``.\n    \n        :param method: callable(WebDriver)\n        :param message: optional message for :exc:`TimeoutException`\n        :returns: the result of the last call to `method`\n        :raises: :exc:`selenium.common.exceptions.TimeoutException` if timeout occurs\n        \"\"\"\n        screen = None\n        stacktrace = None\n    \n        end_time = time.monotonic() + self._timeout\n        while True:\n            try:\n                value = method(self._driver)\n                if value:\n                    return value\n            except self._ignored_exceptions as exc:\n                screen = getattr(exc, \"screen\", None)\n                stacktrace = getattr(exc, \"stacktrace\", None)\n            time.sleep(self._poll)\n            if time.monotonic() > end_time:\n                break\n>       raise TimeoutException(message, screen, stacktrace)\nE       selenium.common.exceptions.TimeoutException: Message: \nE       Stacktrace:\nE       Backtrace:\nE       \t(No symbol) [0x00BFDCE3]\nE       \t(No symbol) [0x00B939D1]\nE       \t(No symbol) [0x00AA4DA8]\nE       \t(No symbol) [0x00AD019F]\nE       \t(No symbol) [0x00AD03AB]\nE       \t(No symbol) [0x00AFEE62]\nE       \t(No symbol) [0x00AEAF14]\nE       \t(No symbol) [0x00AFD57C]\nE       \t(No symbol) [0x00AEACC6]\nE       \t(No symbol) [0x00AC6F68]\nE       \t(No symbol) [0x00AC80CD]\nE       \tGetHandleVerifier [0x00E73832+2506274]\nE       \tGetHandleVerifier [0x00EA9794+2727300]\nE       \tGetHandleVerifier [0x00EAE36C+2746716]\nE       \tGetHandleVerifier [0x00CA6690+617600]\nE       \t(No symbol) [0x00B9C712]\nE       \t(No symbol) [0x00BA1FF8]\nE       \t(No symbol) [0x00BA20DB]\nE       \t(No symbol) [0x00BAC63B]\nE       \tBaseThreadInitThunk [0x76327D69+25]\nE       \tRtlInitializeExceptionChain [0x76FFB74B+107]\nE       \tRtlClearBits [0x76FFB6CF+191]\n\nC:\\Users\\artem\\PycharmProjects\\POMTrado\\venv\\lib\\site-packages\\selenium\\webdriver\\support\\wait.py:95: TimeoutException"}, "description": "the test, that verify if user can decrease some amount of items in the cart", "start": 1680368915449, "stop": 1680368921453, "uuid": "f3a74ed6-4dae-4d2f-b511-495e2a8e8a61", "historyId": "88caee8580c590540cf6c3d70d700688", "testCaseId": "d9f3889c16231813b836940973d7ce19", "fullName": "tests.chromeTests.testCartBar.TestCartBar#test_decreasing_count_of_items", "labels": [{"name": "parentSuite", "value": "tests.chromeTests"}, {"name": "suite", "value": "testCartBar"}, {"name": "subSuite", "value": "TestCartBar"}, {"name": "host", "value": "krot"}, {"name": "thread", "value": "8896-MainThread"}, {"name": "framework", "value": "pytest"}, {"name": "language", "value": "cpython3"}, {"name": "package", "value": "tests.chromeTests.testCartBar"}]}