{"name": "test_validation_of_item_in_the_cart2", "status": "failed", "statusDetails": {"message": "AssertionError: assert ' ₪289.00 ' == '₪28.90'\n  - ₪28.90\n  +  ₪289.00", "trace": "self = <tests.chromeTests.testCartBar.TestCartBar object at 0x00000237A42EDC90>\ndriver = <selenium.webdriver.chrome.webdriver.WebDriver (session=\"f5b74ab291b3c11192055bc9e5756ea3\")>\n\n    def test_validation_of_item_in_the_cart2(self, driver):\n        self.welcome_to_modal.choose_coktails()\n        self.product_page.add_1item()\n        sleep(2)\n>       assert self.common_actions.get_attribute_by_textcontent(cart_bar_lcs[\"product_price_in_div\"]) == \\\n               self.common_actions.get_attribute_by_textcontent(cart_bar_lcs[\"product_price_in_footer\"])\nE       AssertionError: assert ' ₪289.00 ' == '₪28.90'\nE         - ₪28.90\nE         +  ₪289.00\n\ntests\\chromeTests\\testCartBar.py:43: AssertionError"}, "start": 1680424548625, "stop": 1680424551891, "uuid": "0b44bcc7-a811-46bc-848c-7a839dadd18a", "historyId": "a23b6518f91ee93712663dc2e9f92493", "testCaseId": "eb9f4db2e23e7c258427fb186666f60e", "fullName": "tests.chromeTests.testCartBar.TestCartBar#test_validation_of_item_in_the_cart2", "labels": [{"name": "parentSuite", "value": "tests.chromeTests"}, {"name": "suite", "value": "testCartBar"}, {"name": "subSuite", "value": "TestCartBar"}, {"name": "host", "value": "krot"}, {"name": "thread", "value": "20008-MainThread"}, {"name": "framework", "value": "pytest"}, {"name": "language", "value": "cpython3"}, {"name": "package", "value": "tests.chromeTests.testCartBar"}]}