{"name": "test_twitter_link", "status": "failed", "statusDetails": {"message": "AssertionError: assert 'https://twitter.com/' in 'about:blank'\n +  where 'about:blank' = <selenium.webdriver.chrome.webdriver.WebDriver (session=\"7f1fbde410951c895c39a78e4e21c4b8\")>.current_url", "trace": "self = <tests.chromeTests.testSignInModal.TestSignInModal object at 0x000001538DF39DB0>\ndriver = <selenium.webdriver.chrome.webdriver.WebDriver (session=\"7f1fbde410951c895c39a78e4e21c4b8\")>\n\n    @allure.description(\"the test is verify, if twitter link is works\")\n    def test_twitter_link(self, driver):\n        self.welcome_to_modal.choose_coktails()\n        self.home_page.sign_in_click()\n        self.sign_up_modal.twitter_link()\n        driver.switch_to.window(driver.window_handles[1])\n>       assert \"https://twitter.com/\" in driver.current_url\nE       assert 'https://twitter.com/' in 'about:blank'\nE        +  where 'about:blank' = <selenium.webdriver.chrome.webdriver.WebDriver (session=\"7f1fbde410951c895c39a78e4e21c4b8\")>.current_url\n\ntests\\chromeTests\\testSignInModal.py:98: AssertionError"}, "description": "the test is verify, if twitter link is works", "start": 1680348693654, "stop": 1680348694637, "uuid": "0b1ce954-1bbb-44fc-aa37-15fb562b10ab", "historyId": "4c104394b585a2abe5a7fe42a1d428ee", "testCaseId": "5d457c96f255196ecb7f9848b15ccbd1", "fullName": "tests.chromeTests.testSignInModal.TestSignInModal#test_twitter_link", "labels": [{"name": "parentSuite", "value": "tests.chromeTests"}, {"name": "suite", "value": "testSignInModal"}, {"name": "subSuite", "value": "TestSignInModal"}, {"name": "host", "value": "krot"}, {"name": "thread", "value": "12616-MainThread"}, {"name": "framework", "value": "pytest"}, {"name": "language", "value": "cpython3"}, {"name": "package", "value": "tests.chromeTests.testSignInModal"}]}