{"name": "test_google_link", "status": "failed", "statusDetails": {"message": "AssertionError: assert 'הגישה חסומה: הבקשה של האפליקציה הזו לא חוקית' != 'הגישה חסומה: הבקשה של האפליקציה הזו לא חוקית'\n +  where 'הגישה חסומה: הבקשה של האפליקציה הזו לא חוקית' = <bound method CommonActions.get_attribute_by_textcontent of <src.utils.commonActions.CommonActions object at 0x000001EE6B09CA90>>(('css selector', '#headingText > span'))\n +    where <bound method CommonActions.get_attribute_by_textcontent of <src.utils.commonActions.CommonActions object at 0x000001EE6B09CA90>> = <src.utils.commonActions.CommonActions object at 0x000001EE6B09CA90>.get_attribute_by_textcontent\n +      where <src.utils.commonActions.CommonActions object at 0x000001EE6B09CA90> = <tests.edgeTests.testSignInModal.TestSignInModal object at 0x000001EE6AC8B1F0>.common_actions", "trace": "self = <tests.edgeTests.testSignInModal.TestSignInModal object at 0x000001EE6AC8B1F0>\ndriver = <selenium.webdriver.edge.webdriver.WebDriver (session=\"85c56e1de33e0745a5c9677490cffd67\")>\n\n    @allure.description(\"the test is verify, if google link is works\")\n    @allure.severity(severity_level='minor')\n    def test_google_link(self, driver):\n        self.welcome_to_modal.choose_coktails()\n        self.home_page.sign_in_click()\n        self.sign_up_modal.google_link()\n        sleep(1)\n        driver.switch_to.window(driver.window_handles[1])\n        assert \"https://accounts.google.com/\" in driver.current_url\n>       assert self.common_actions.get_attribute_by_textcontent(\n            sign_in_lcs[\"google_title\"]) != \"הגישה חסומה: הבקשה של האפליקציה הזו לא חוקית\"\nE       AssertionError: assert 'הגישה חסומה: הבקשה של האפליקציה הזו לא חוקית' != 'הגישה חסומה: הבקשה של האפליקציה הזו לא חוקית'\nE        +  where 'הגישה חסומה: הבקשה של האפליקציה הזו לא חוקית' = <bound method CommonActions.get_attribute_by_textcontent of <src.utils.commonActions.CommonActions object at 0x000001EE6B09CA90>>(('css selector', '#headingText > span'))\nE        +    where <bound method CommonActions.get_attribute_by_textcontent of <src.utils.commonActions.CommonActions object at 0x000001EE6B09CA90>> = <src.utils.commonActions.CommonActions object at 0x000001EE6B09CA90>.get_attribute_by_textcontent\nE        +      where <src.utils.commonActions.CommonActions object at 0x000001EE6B09CA90> = <tests.edgeTests.testSignInModal.TestSignInModal object at 0x000001EE6AC8B1F0>.common_actions\n\ntests\\edgeTests\\testSignInModal.py:91: AssertionError"}, "description": "the test is verify, if google link is works", "start": 1680536512635, "stop": 1680536514646, "uuid": "6d916c15-e307-4cff-9fbc-78b40556d498", "historyId": "3f886e050748eae3b3fb04efb9a53f97", "testCaseId": "6c026c1cc49619f9093cd163adbb6b5b", "fullName": "tests.edgeTests.testSignInModal.TestSignInModal#test_google_link", "labels": [{"name": "severity", "value": "minor"}, {"name": "parentSuite", "value": "tests.edgeTests"}, {"name": "suite", "value": "testSignInModal"}, {"name": "subSuite", "value": "TestSignInModal"}, {"name": "host", "value": "krot"}, {"name": "thread", "value": "19772-MainThread"}, {"name": "framework", "value": "pytest"}, {"name": "language", "value": "cpython3"}, {"name": "package", "value": "tests.edgeTests.testSignInModal"}]}