{"name": "test_proceed_purchase_with_invalid_bn_number2", "status": "failed", "statusDetails": {"message": "AssertionError: assert '  ' == 'ח.פ לא תקין'\n  Strings contain only whitespace, escaping them using repr()\n  - 'ח.פ לא תקין'\n  + '  '", "trace": "self = <tests.chromeTests.testCheckoutProcess.TestCheckoutProcess object at 0x00000179E7020CD0>\ndriver = <selenium.webdriver.chrome.webdriver.WebDriver (session=\"212eda7705cced0d2c55d603a3c00a9d\")>\n\n    @allure.description(\"the test is verify, that user can't proceed a purchase,\"\n                        \" when he has set invalid business number in delivery details\")\n    def test_proceed_purchase_with_invalid_bn_number2(self, driver):\n        self.sign_in_modal.sign_in()\n        self.product_page.add_1item()\n        self.cart_bar.check_out_btn_click()\n        assert driver.current_url == \"https://qa.trado.co.il/checkout\"\n        assert self.common_actions.get_attribute_by_class(deli_dtls_lcs[\"deliv_details_status\"]) \\\n               == \"orderTimeline_time orderTimeline_current orderTimeline_current \"\n        assert self.common_actions.get_attribute_by_value(deli_dtls_lcs[\"bn_num_fld\"]) == \"987654321\"\n        self.delivery_details_page.set_invoice_details(\"Pizza Jon\", \"2\" * 10, \"jhongrey89@mail.com\", \"Paris\",\n                                                       \"Baget\", \"3\", \"a\", \"2\")\n>       assert self.common_actions.get_attribute_by_textcontent(deli_dtls_lcs[\"invalid_bn_num_msg\"]) == \"ח.פ לא תקין\"\nE       AssertionError: assert '  ' == 'ח.פ לא תקין'\nE         Strings contain only whitespace, escaping them using repr()\nE         - 'ח.פ לא תקין'\nE         + '  '\n\ntests\\chromeTests\\testCheckoutProcess.py:99: AssertionError"}, "description": "the test is verify, that user can't proceed a purchase, when he has set invalid business number in delivery details", "start": 1680368965185, "stop": 1680368969300, "uuid": "b1fa196f-018c-46e2-a593-47f2c33cee2b", "historyId": "d387d15d45448d00cddeab7efae6e7b1", "testCaseId": "a4a1e1bf03a9ebe9d5fa625f2a39fce5", "fullName": "tests.chromeTests.testCheckoutProcess.TestCheckoutProcess#test_proceed_purchase_with_invalid_bn_number2", "labels": [{"name": "parentSuite", "value": "tests.chromeTests"}, {"name": "suite", "value": "testCheckoutProcess"}, {"name": "subSuite", "value": "TestCheckoutProcess"}, {"name": "host", "value": "krot"}, {"name": "thread", "value": "8896-MainThread"}, {"name": "framework", "value": "pytest"}, {"name": "language", "value": "cpython3"}, {"name": "package", "value": "tests.chromeTests.testCheckoutProcess"}]}