{"name": "test_personal_area_link", "status": "broken", "statusDetails": {"message": "selenium.common.exceptions.TimeoutException: Message: \nStacktrace:\nBacktrace:\n\t(No symbol) [0x00BFDCE3]\n\t(No symbol) [0x00B939D1]\n\t(No symbol) [0x00AA4DA8]\n\t(No symbol) [0x00AD019F]\n\t(No symbol) [0x00AD03AB]\n\t(No symbol) [0x00AFEE62]\n\t(No symbol) [0x00AEAF14]\n\t(No symbol) [0x00AFD57C]\n\t(No symbol) [0x00AEACC6]\n\t(No symbol) [0x00AC6F68]\n\t(No symbol) [0x00AC80CD]\n\tGetHandleVerifier [0x00E73832+2506274]\n\tGetHandleVerifier [0x00EA9794+2727300]\n\tGetHandleVerifier [0x00EAE36C+2746716]\n\tGetHandleVerifier [0x00CA6690+617600]\n\t(No symbol) [0x00B9C712]\n\t(No symbol) [0x00BA1FF8]\n\t(No symbol) [0x00BA20DB]\n\t(No symbol) [0x00BAC63B]\n\tBaseThreadInitThunk [0x76327D69+25]\n\tRtlInitializeExceptionChain [0x76FFB74B+107]\n\tRtlClearBits [0x76FFB6CF+191]", "trace": "self = <tests.chromeTests.testHomePage.TestHomePage object at 0x00000179E7022080>\ndriver = <selenium.webdriver.chrome.webdriver.WebDriver (session=\"77e2bc59174762292d855b78e6ef3400\")>\n\n    @allure.description(\"the test is verify, if personal area link is work\")\n    def test_personal_area_link(self, driver):\n        self.welcome_to_modal.choose_coktails()\n        assert self.common_actions.set_locator(home_lcs[\"product_list_actv\"])\n        self.home_page.personal_area_link()\n        assert self.common_actions.get_attribute_by_class(\n            home_lcs[\"modal_open\"]) == \"modal_modalWrapper false modal_open    \"\n        self.sign_up_modal.x_btn_click()\n        assert self.common_actions.get_attribute_by_class(home_lcs[\"modal_hide\"]) == 'modal_modalWrapper false     '\n>       assert self.common_actions.set_locator(home_lcs[\"product_list_actv\"])\n\ntests\\chromeTests\\testHomePage.py:234: \n_ _ _ _ _ _ _ _ _ _ _ _ _ _ _ _ _ _ _ _ _ _ _ _ _ _ _ _ _ _ _ _ _ _ _ _ _ _ _ _ _ _ _ _ _ _ _ _ _ _ _ _ _ _ _ _ _ _ _ _ _ _ _ _ _ _ _ _ _ _ _ _ _ \nsrc\\utils\\commonActions.py:11: in set_locator\n    return wdw(self.driver, 5).until(ec.visibility_of_element_located(locator))\n_ _ _ _ _ _ _ _ _ _ _ _ _ _ _ _ _ _ _ _ _ _ _ _ _ _ _ _ _ _ _ _ _ _ _ _ _ _ _ _ _ _ _ _ _ _ _ _ _ _ _ _ _ _ _ _ _ _ _ _ _ _ _ _ _ _ _ _ _ _ _ _ _ \n\nself = <selenium.webdriver.support.wait.WebDriverWait (session=\"77e2bc59174762292d855b78e6ef3400\")>\nmethod = <function visibility_of_element_located.<locals>._predicate at 0x00000179E6DE36D0>, message = ''\n\n    def until(self, method, message: str = \"\"):\n        \"\"\"Calls the method provided with the driver as an argument until the \\\n        return value does not evaluate to ``False``.\n    \n        :param method: callable(WebDriver)\n        :param message: optional message for :exc:`TimeoutException`\n        :returns: the result of the last call to `method`\n        :raises: :exc:`selenium.common.exceptions.TimeoutException` if timeout occurs\n        \"\"\"\n        screen = None\n        stacktrace = None\n    \n        end_time = time.monotonic() + self._timeout\n        while True:\n            try:\n                value = method(self._driver)\n                if value:\n                    return value\n            except self._ignored_exceptions as exc:\n                screen = getattr(exc, \"screen\", None)\n                stacktrace = getattr(exc, \"stacktrace\", None)\n            time.sleep(self._poll)\n            if time.monotonic() > end_time:\n                break\n>       raise TimeoutException(message, screen, stacktrace)\nE       selenium.common.exceptions.TimeoutException: Message: \nE       Stacktrace:\nE       Backtrace:\nE       \t(No symbol) [0x00BFDCE3]\nE       \t(No symbol) [0x00B939D1]\nE       \t(No symbol) [0x00AA4DA8]\nE       \t(No symbol) [0x00AD019F]\nE       \t(No symbol) [0x00AD03AB]\nE       \t(No symbol) [0x00AFEE62]\nE       \t(No symbol) [0x00AEAF14]\nE       \t(No symbol) [0x00AFD57C]\nE       \t(No symbol) [0x00AEACC6]\nE       \t(No symbol) [0x00AC6F68]\nE       \t(No symbol) [0x00AC80CD]\nE       \tGetHandleVerifier [0x00E73832+2506274]\nE       \tGetHandleVerifier [0x00EA9794+2727300]\nE       \tGetHandleVerifier [0x00EAE36C+2746716]\nE       \tGetHandleVerifier [0x00CA6690+617600]\nE       \t(No symbol) [0x00B9C712]\nE       \t(No symbol) [0x00BA1FF8]\nE       \t(No symbol) [0x00BA20DB]\nE       \t(No symbol) [0x00BAC63B]\nE       \tBaseThreadInitThunk [0x76327D69+25]\nE       \tRtlInitializeExceptionChain [0x76FFB74B+107]\nE       \tRtlClearBits [0x76FFB6CF+191]\n\nC:\\Users\\artem\\PycharmProjects\\POMTrado\\venv\\lib\\site-packages\\selenium\\webdriver\\support\\wait.py:95: TimeoutException"}, "description": "the test is verify, if personal area link is work", "start": 1680369342770, "stop": 1680369349086, "uuid": "c194b196-c52f-4036-9637-49ebc2b66c8d", "historyId": "92c65fb42a7e54341a24263ecf785b11", "testCaseId": "78447d4f8fe4430699b74f1995cabe69", "fullName": "tests.chromeTests.testHomePage.TestHomePage#test_personal_area_link", "labels": [{"name": "parentSuite", "value": "tests.chromeTests"}, {"name": "suite", "value": "testHomePage"}, {"name": "subSuite", "value": "TestHomePage"}, {"name": "host", "value": "krot"}, {"name": "thread", "value": "8896-MainThread"}, {"name": "framework", "value": "pytest"}, {"name": "language", "value": "cpython3"}, {"name": "package", "value": "tests.chromeTests.testHomePage"}]}