{"name": "test_twitter_link", "status": "failed", "statusDetails": {"message": "AssertionError: assert 'https://twitter.com/' in 'about:blank'\n +  where 'about:blank' = <selenium.webdriver.edge.webdriver.WebDriver (session=\"eca708bfdafb63c2982a5ef7301b2e6d\")>.current_url", "trace": "self = <tests.edgeTests.testSignInModal.TestSignInModal object at 0x000001EE6AC89420>\ndriver = <selenium.webdriver.edge.webdriver.WebDriver (session=\"eca708bfdafb63c2982a5ef7301b2e6d\")>\n\n    @allure.description(\"the test is verify, if twitter link is works\")\n    @allure.severity(severity_level='minor')\n    def test_twitter_link(self, driver):\n        self.welcome_to_modal.choose_coktails()\n        self.home_page.sign_in_click()\n        self.sign_up_modal.twitter_link()\n        driver.switch_to.window(driver.window_handles[1])\n>       assert \"https://twitter.com/\" in driver.current_url\nE       assert 'https://twitter.com/' in 'about:blank'\nE        +  where 'about:blank' = <selenium.webdriver.edge.webdriver.WebDriver (session=\"eca708bfdafb63c2982a5ef7301b2e6d\")>.current_url\n\ntests\\edgeTests\\testSignInModal.py:101: AssertionError"}, "description": "the test is verify, if twitter link is works", "start": 1680536519482, "stop": 1680536520512, "uuid": "e4c553a5-4c53-4d92-ab33-b4bc37256613", "historyId": "fe36bc889cace065d6d96a4c513be273", "testCaseId": "ebaba0606b06621ce82b3fb2cd70d73a", "fullName": "tests.edgeTests.testSignInModal.TestSignInModal#test_twitter_link", "labels": [{"name": "severity", "value": "minor"}, {"name": "parentSuite", "value": "tests.edgeTests"}, {"name": "suite", "value": "testSignInModal"}, {"name": "subSuite", "value": "TestSignInModal"}, {"name": "host", "value": "krot"}, {"name": "thread", "value": "19772-MainThread"}, {"name": "framework", "value": "pytest"}, {"name": "language", "value": "cpython3"}, {"name": "package", "value": "tests.edgeTests.testSignInModal"}]}