{"name": "test_acadia_product_verification2", "status": "failed", "statusDetails": {"message": "AssertionError: assert '28.90' in '279.00₪'\n +  where '279.00₪' = <bound method CommonActions.get_attribute_by_textcontent of <src.utils.commonActions.CommonActions object at 0x000001EE6AE6C670>>(('css selector', '#root > div > div.pages_pages > div.pages_children.false > div > div > div.fullProduct_fullProduct >...div.fullProduct_side1 > div > div > div.fullProduct_productsHedaer > div:nth-child(1) > div > div > div > span > span'))\n +    where <bound method CommonActions.get_attribute_by_textcontent of <src.utils.commonActions.CommonActions object at 0x000001EE6AE6C670>> = <src.utils.commonActions.CommonActions object at 0x000001EE6AE6C670>.get_attribute_by_textcontent\n +      where <src.utils.commonActions.CommonActions object at 0x000001EE6AE6C670> = <tests.chromeTests.testProductPage.TestProductPage object at 0x000001EE6ACC08B0>.common_actions", "trace": "self = <tests.chromeTests.testProductPage.TestProductPage object at 0x000001EE6ACC08B0>\ndriver = <selenium.webdriver.chrome.webdriver.WebDriver (session=\"aa286e40d4f0a705a515c97ad3ca52e6\")>\n\n    @allure.description(\"the test is verify, if product price matches a purchase price\")\n    def test_acadia_product_verification2(self, driver):\n        self.welcome_to_modal.choose_coktails()\n        self.product_page.click_on_product()\n>       assert \"28.90\" in self.common_actions.get_attribute_by_textcontent(product_lcs[\"product_price\"])\nE       AssertionError: assert '28.90' in '279.00₪'\nE        +  where '279.00₪' = <bound method CommonActions.get_attribute_by_textcontent of <src.utils.commonActions.CommonActions object at 0x000001EE6AE6C670>>(('css selector', '#root > div > div.pages_pages > div.pages_children.false > div > div > div.fullProduct_fullProduct >...div.fullProduct_side1 > div > div > div.fullProduct_productsHedaer > div:nth-child(1) > div > div > div > span > span'))\nE        +    where <bound method CommonActions.get_attribute_by_textcontent of <src.utils.commonActions.CommonActions object at 0x000001EE6AE6C670>> = <src.utils.commonActions.CommonActions object at 0x000001EE6AE6C670>.get_attribute_by_textcontent\nE        +      where <src.utils.commonActions.CommonActions object at 0x000001EE6AE6C670> = <tests.chromeTests.testProductPage.TestProductPage object at 0x000001EE6ACC08B0>.common_actions\n\ntests\\chromeTests\\testProductPage.py:42: AssertionError"}, "description": "the test is verify, if product price matches a purchase price", "start": 1680535615454, "stop": 1680535616118, "uuid": "ca364148-eb4f-4a47-9f0a-caf770fdc04c", "historyId": "8c5e39f01d63e0b2ea3278d8eba5bfc5", "testCaseId": "650a1f459ff26113fd6c48025d297bc6", "fullName": "tests.chromeTests.testProductPage.TestProductPage#test_acadia_product_verification2", "labels": [{"name": "parentSuite", "value": "tests.chromeTests"}, {"name": "suite", "value": "testProductPage"}, {"name": "subSuite", "value": "TestProductPage"}, {"name": "host", "value": "krot"}, {"name": "thread", "value": "19772-MainThread"}, {"name": "framework", "value": "pytest"}, {"name": "language", "value": "cpython3"}, {"name": "package", "value": "tests.chromeTests.testProductPage"}]}