{"name": "test_appending_count_of_items", "status": "failed", "statusDetails": {"message": "AssertionError: assert '4' == '5'\n  - 5\n  + 4", "trace": "self = <tests.chromeTests.testProductPage.TestProductPage object at 0x000001538DC54910>\ndriver = <selenium.webdriver.chrome.webdriver.WebDriver (session=\"f609b5ad4601e83d304f25eadd4ce855\")>\n\n    @allure.description(\"the test is verify, if user can add some count of items\")\n    def test_appending_count_of_items(self, driver):\n        self.welcome_to_modal.choose_coktails()\n        self.product_page.click_on_product()\n        self.product_page.add_5items()\n        sleep(0.05)\n>       assert self.common_actions.get_attribute_by_value(product_lcs[\"product_amount_fld\"]) == \"5\"\nE       AssertionError: assert '4' == '5'\nE         - 5\nE         + 4\n\ntests\\chromeTests\\testProductPage.py:21: AssertionError"}, "description": "the test is verify, if user can add some count of items", "start": 1680348607349, "stop": 1680348610682, "uuid": "857fd5fa-60e2-4ab6-85b6-e15421b39403", "historyId": "872124c5199ce40a9a2a58d6f83cf381", "testCaseId": "6b8d4fd19691d4c639e17645c9c7e16a", "fullName": "tests.chromeTests.testProductPage.TestProductPage#test_appending_count_of_items", "labels": [{"name": "parentSuite", "value": "tests.chromeTests"}, {"name": "suite", "value": "testProductPage"}, {"name": "subSuite", "value": "TestProductPage"}, {"name": "host", "value": "krot"}, {"name": "thread", "value": "12616-MainThread"}, {"name": "framework", "value": "pytest"}, {"name": "language", "value": "cpython3"}, {"name": "package", "value": "tests.chromeTests.testProductPage"}]}