{"name": "test_execute_invalid_purchase2", "status": "failed", "statusDetails": {"message": "AssertionError: assert 'orderTimeline_time orderTimeline_full orderTimeline_current ' != 'orderTimeline_time orderTimeline_full orderTimeline_current '\n +  where 'orderTimeline_time orderTimeline_full orderTimeline_current ' = <bound method CommonActions.get_attribute_by_class of <src.utils.commonActions.CommonActions object at 0x000001EE6ABE9660>>(('css selector', '#root > div > div.pages_pages > div.pages_children.false > div > div.orderTimeline_orderTimeline.orderTimeline_checkoutTimeLineStyle > div:nth-child(3)'))\n +    where <bound method CommonActions.get_attribute_by_class of <src.utils.commonActions.CommonActions object at 0x000001EE6ABE9660>> = <src.utils.commonActions.CommonActions object at 0x000001EE6ABE9660>.get_attribute_by_class\n +      where <src.utils.commonActions.CommonActions object at 0x000001EE6ABE9660> = <tests.edgeTests.testCheckoutProcess.TestCheckoutProcess object at 0x000001EE6AB9C6A0>.common_actions", "trace": "self = <tests.edgeTests.testCheckoutProcess.TestCheckoutProcess object at 0x000001EE6AB9C6A0>\ndriver = <selenium.webdriver.edge.webdriver.WebDriver (session=\"9229a3aad9d98271cf5db9ec9445bb52\")>\n\n    @allure.description(\"the test is verify, that user can't execute a purchase with invalid bank transfer data \")\n    def test_execute_invalid_purchase2(self, driver):\n        self.sign_in_modal.sign_in()\n        self.product_page.add_1item()\n        self.cart_bar.check_out_btn_click()\n        assert driver.current_url == \"https://qa.trado.co.il/checkout\"\n        assert self.common_actions.get_attribute_by_class(deli_dtls_lcs[\"deliv_details_status\"]) \\\n               == \"orderTimeline_time orderTimeline_current orderTimeline_current \"\n        assert self.common_actions.get_attribute_by_value(deli_dtls_lcs[\"bn_num_fld\"]) == \"987654321\"\n        self.delivery_details_section.set_invoice_details(\"Pizza Jon\", \"987654321\", \"jhongrey89@mail.com\", \"Paris\",\n                                                       \"Baget\", \"3\", \"a\", \"2\")\n        self.delivery_details_section.complete_purchase_btn_click()\n        self.payments_methods_section.bank_transfer_click()\n        self.bank_transfer_modal.set_bank_branch(\"dshdj\")\n        self.bank_transfer_modal.confirm_transfer_btn_click()\n        self.payments_methods_section.purchase_btn_click()\n        sleep(1)\n>       assert self.common_actions.get_attribute_by_class(\n            deli_dtls_lcs[\"order_summery_status\"]) != \"orderTimeline_time orderTimeline_full orderTimeline_current \"\nE       AssertionError: assert 'orderTimeline_time orderTimeline_full orderTimeline_current ' != 'orderTimeline_time orderTimeline_full orderTimeline_current '\nE        +  where 'orderTimeline_time orderTimeline_full orderTimeline_current ' = <bound method CommonActions.get_attribute_by_class of <src.utils.commonActions.CommonActions object at 0x000001EE6ABE9660>>(('css selector', '#root > div > div.pages_pages > div.pages_children.false > div > div.orderTimeline_orderTimeline.orderTimeline_checkoutTimeLineStyle > div:nth-child(3)'))\nE        +    where <bound method CommonActions.get_attribute_by_class of <src.utils.commonActions.CommonActions object at 0x000001EE6ABE9660>> = <src.utils.commonActions.CommonActions object at 0x000001EE6ABE9660>.get_attribute_by_class\nE        +      where <src.utils.commonActions.CommonActions object at 0x000001EE6ABE9660> = <tests.edgeTests.testCheckoutProcess.TestCheckoutProcess object at 0x000001EE6AB9C6A0>.common_actions\n\ntests\\edgeTests\\testCheckoutProcess.py:366: AssertionError"}, "description": "the test is verify, that user can't execute a purchase with invalid bank transfer data ", "start": 1680536023476, "stop": 1680536029718, "uuid": "2be0bcf0-658e-4984-96e4-7a1739e47e5b", "historyId": "194e9b6182671c1a7733efdabcf7ca1e", "testCaseId": "402950b7fcab47eb441a46329a47b679", "fullName": "tests.edgeTests.testCheckoutProcess.TestCheckoutProcess#test_execute_invalid_purchase2", "labels": [{"name": "parentSuite", "value": "tests.edgeTests"}, {"name": "suite", "value": "testCheckoutProcess"}, {"name": "subSuite", "value": "TestCheckoutProcess"}, {"name": "host", "value": "krot"}, {"name": "thread", "value": "19772-MainThread"}, {"name": "framework", "value": "pytest"}, {"name": "language", "value": "cpython3"}, {"name": "package", "value": "tests.edgeTests.testCheckoutProcess"}]}