{"name": "test_proceed_purchase_with_invalid_bn_number2", "status": "failed", "statusDetails": {"message": "AssertionError: assert '  ' == 'ח.פ לא תקין'\n  Strings contain only whitespace, escaping them using repr()\n  - 'ח.פ לא תקין'\n  + '  '", "trace": "self = <tests.edgeTests.testCheckoutProcess.TestCheckoutProcess object at 0x000001EE6AB9C250>\ndriver = <selenium.webdriver.edge.webdriver.WebDriver (session=\"be1484cbe58c719bc3a6e56fd2d2ecfb\")>\n\n    @allure.description(\"the test is verify, that user can't proceed a purchase,\"\n                        \" when he has set invalid business number in delivery details\")\n    def test_proceed_purchase_with_invalid_bn_number2(self, driver):\n        self.sign_in_modal.sign_in()\n        self.product_page.add_1item()\n        self.cart_bar.check_out_btn_click()\n        assert driver.current_url == \"https://qa.trado.co.il/checkout\"\n        assert self.common_actions.get_attribute_by_class(deli_dtls_lcs[\"deliv_details_status\"]) \\\n               == \"orderTimeline_time orderTimeline_current orderTimeline_current \"\n        assert self.common_actions.get_attribute_by_value(deli_dtls_lcs[\"bn_num_fld\"]) == \"987654321\"\n        self.delivery_details_section.set_invoice_details(\"Pizza Jon\", \"2\" * 10, \"jhongrey89@mail.com\", \"Paris\",\n                                                       \"Baget\", \"3\", \"a\", \"2\")\n>       assert self.common_actions.get_attribute_by_textcontent(deli_dtls_lcs[\"invalid_bn_num_msg\"]) == \"ח.פ לא תקין\"\nE       AssertionError: assert '  ' == 'ח.פ לא תקין'\nE         Strings contain only whitespace, escaping them using repr()\nE         - 'ח.פ לא תקין'\nE         + '  '\n\ntests\\edgeTests\\testCheckoutProcess.py:109: AssertionError"}, "description": "the test is verify, that user can't proceed a purchase, when he has set invalid business number in delivery details", "start": 1680535880592, "stop": 1680535884830, "uuid": "7337811d-6a78-4f7e-aa81-1041e0b4cf93", "historyId": "e2c6ce9f2bd2c39025e4bffd938c19cf", "testCaseId": "8e71dd86c1e6c73ce8ddfe63dddd32c5", "fullName": "tests.edgeTests.testCheckoutProcess.TestCheckoutProcess#test_proceed_purchase_with_invalid_bn_number2", "labels": [{"name": "parentSuite", "value": "tests.edgeTests"}, {"name": "suite", "value": "testCheckoutProcess"}, {"name": "subSuite", "value": "TestCheckoutProcess"}, {"name": "host", "value": "krot"}, {"name": "thread", "value": "19772-MainThread"}, {"name": "framework", "value": "pytest"}, {"name": "language", "value": "cpython3"}, {"name": "package", "value": "tests.edgeTests.testCheckoutProcess"}]}