{"name": "test_proceed_purchase_with_invalid_bn_name2", "status": "failed", "statusDetails": {"message": "AssertionError: assert '  ' == 'שם בית העסק לא תקין'\n  Strings contain only whitespace, escaping them using repr()\n  - 'שם בית העסק לא תקין'\n  + '  '", "trace": "self = <tests.chromeTests.testCheckoutProcess.TestCheckoutProcess object at 0x000001538DF7CBE0>\ndriver = <selenium.webdriver.chrome.webdriver.WebDriver (session=\"80a78f81ebede6d6ae576b26fa164ce5\")>\n\n    @allure.description(\"the test is verify, that user can't proceed a purchase,\"\n                        \" when he has set invalid business name in delivery details\")\n    def test_proceed_purchase_with_invalid_bn_name2(self, driver):\n        self.sign_in_modal.sign_in()\n        self.product_page.add_1item()\n        self.cart_bar.check_out_btn_click()\n        assert driver.current_url == \"https://qa.trado.co.il/checkout\"\n        assert self.common_actions.get_attribute_by_class(deli_dtls_lcs[\"deliv_details_status\"]) \\\n               == \"orderTimeline_time orderTimeline_current orderTimeline_current \"\n        self.delivery_details_page.set_invoice_details(\"$3#--\", \"12345678999\", \"jhongrey89@mail.com\", \"Paris\",\n                                                       \"Baget\", \"3\", \"a\", \"2\")\n>       assert self.common_actions.get_attribute_by_textcontent(\n            deli_dtls_lcs[\"invalid_bn_name_msg\"]) == \"שם בית העסק לא תקין\"\nE       AssertionError: assert '  ' == 'שם בית העסק לא תקין'\nE         Strings contain only whitespace, escaping them using repr()\nE         - 'שם בית העסק לא תקין'\nE         + '  '\n\ntests\\chromeTests\\testCheckoutProcess.py:61: AssertionError"}, "description": "the test is verify, that user can't proceed a purchase, when he has set invalid business name in delivery details", "start": 1680348076015, "stop": 1680348080198, "uuid": "b88451d4-cd83-4455-85b3-56d09953f075", "historyId": "ca32a3add4f7c7de4e324365c83c43aa", "testCaseId": "d1fca34663afea748b88b4dd84d72dfd", "fullName": "tests.chromeTests.testCheckoutProcess.TestCheckoutProcess#test_proceed_purchase_with_invalid_bn_name2", "labels": [{"name": "parentSuite", "value": "tests.chromeTests"}, {"name": "suite", "value": "testCheckoutProcess"}, {"name": "subSuite", "value": "TestCheckoutProcess"}, {"name": "host", "value": "krot"}, {"name": "thread", "value": "12616-MainThread"}, {"name": "framework", "value": "pytest"}, {"name": "language", "value": "cpython3"}, {"name": "package", "value": "tests.chromeTests.testCheckoutProcess"}]}