{"name": "test_sweets_and_snacks_btn", "status": "failed", "statusDetails": {"message": "AssertionError: assert 'חטיפים ' == 'ממתקים וחטיפים'\n  - ממתקים וחטיפים\n  + חטיפים", "trace": "self = <tests.chromeTests.testHomePage.TestHomePage object at 0x000001538DBE31C0>\ndriver = <selenium.webdriver.chrome.webdriver.WebDriver (session=\"1d3c47a83d79596648b53a3ea20d00c8\")>\n\n    @allure.description(\"the test is verify, if sweet and snacks section button works\"\n                        \" and button title is the same page title that he open\")\n    def test_sweets_and_snacks_btn(self, driver):\n        self.welcome_to_modal.x_btn_click()\n        self.home_page.sweets_and_snacks_click()\n>       assert self.common_actions.get_attribute_by_textcontent(home_lcs[\"page_title\"]) == \"ממתקים וחטיפים\"\nE       AssertionError: assert 'חטיפים ' == 'ממתקים וחטיפים'\nE         - ממתקים וחטיפים\nE         + חטיפים\n\ntests\\chromeTests\\testHomePage.py:84: AssertionError"}, "description": "the test is verify, if sweet and snacks section button works and button title is the same page title that he open", "start": 1680348354293, "stop": 1680348354702, "uuid": "c54d380b-38df-49ee-902c-643999ec58f6", "historyId": "f3417c35efad94678853435cbf710396", "testCaseId": "d6182f32017a2249be302b221c14ebbb", "fullName": "tests.chromeTests.testHomePage.TestHomePage#test_sweets_and_snacks_btn", "labels": [{"name": "parentSuite", "value": "tests.chromeTests"}, {"name": "suite", "value": "testHomePage"}, {"name": "subSuite", "value": "TestHomePage"}, {"name": "host", "value": "krot"}, {"name": "thread", "value": "12616-MainThread"}, {"name": "framework", "value": "pytest"}, {"name": "language", "value": "cpython3"}, {"name": "package", "value": "tests.chromeTests.testHomePage"}]}