{"name": "test_execute_valid_credit_card_purchase", "status": "broken", "statusDetails": {"message": "selenium.common.exceptions.TimeoutException: Message: \nStacktrace:\nBacktrace:\n\t(No symbol) [0x00EFDCE3]\n\t(No symbol) [0x00E939D1]\n\t(No symbol) [0x00DA4DA8]\n\t(No symbol) [0x00DD019F]\n\t(No symbol) [0x00DD03AB]\n\t(No symbol) [0x00DFEE62]\n\t(No symbol) [0x00DEAF14]\n\t(No symbol) [0x00DFD57C]\n\t(No symbol) [0x00DEACC6]\n\t(No symbol) [0x00DC6F68]\n\t(No symbol) [0x00DC80CD]\n\tGetHandleVerifier [0x01173832+2506274]\n\tGetHandleVerifier [0x011A9794+2727300]\n\tGetHandleVerifier [0x011AE36C+2746716]\n\tGetHandleVerifier [0x00FA6690+617600]\n\t(No symbol) [0x00E9C712]\n\t(No symbol) [0x00EA1FF8]\n\t(No symbol) [0x00EA20DB]\n\t(No symbol) [0x00EAC63B]\n\tBaseThreadInitThunk [0x76327D69+25]\n\tRtlInitializeExceptionChain [0x76FFB74B+107]\n\tRtlClearBits [0x76FFB6CF+191]", "trace": "self = <tests.chromeTests.testCheckoutProcess.TestCheckoutProcess object at 0x000001EE6AD317E0>\ndriver = <selenium.webdriver.chrome.webdriver.WebDriver (session=\"f48e4a8cf622fa921342deebc0dd0d62\")>\n\n    @allure.description(\"the test is verify, if user can execute purchase with valid credit card\")\n    def test_execute_valid_credit_card_purchase(self, driver):\n        self.sign_in_modal.sign_in()\n        self.product_page.add_1item()\n        self.cart_bar.check_out_btn_click()\n        assert driver.current_url == \"https://qa.trado.co.il/checkout\"\n        assert self.common_actions.get_attribute_by_class(deli_dtls_lcs[\"deliv_details_status\"]) \\\n               == \"orderTimeline_time orderTimeline_current orderTimeline_current \"\n        assert self.common_actions.get_attribute_by_value(deli_dtls_lcs[\"bn_num_fld\"]) == \"987654321\"\n        self.delivery_details_section.set_invoice_details(\"Pizza Jon\", \"987654321\", \"jhongrey89@mail.com\", \"Paris\",\n                                                       \"Baget\", \"3\", \"a\", \"2\")\n        self.delivery_details_section.complete_purchase_btn_click()\n        self.payments_methods_section.credit_card_click()\n        driver.switch_to.frame(\"yaadFrame\")\n        self.credit_card_modal.set_card_num(\"4580000000000000\")\n        self.credit_card_modal.set_id_num(\"000000000\")\n        self.credit_card_modal.choose_5_month()\n        self.credit_card_modal.choose_24_year()\n        self.credit_card_modal.set_cvv('123')\n        self.credit_card_modal.submit_btn_click()\n        sleep(2)\n>       self.payments_methods_section.purchase_btn_click()\n\ntests\\chromeTests\\testCheckoutProcess.py:304: \n_ _ _ _ _ _ _ _ _ _ _ _ _ _ _ _ _ _ _ _ _ _ _ _ _ _ _ _ _ _ _ _ _ _ _ _ _ _ _ _ _ _ _ _ _ _ _ _ _ _ _ _ _ _ _ _ _ _ _ _ _ _ _ _ _ _ _ _ _ _ _ _ _ \nsrc\\pages\\paymentsMethodsSection.py:15: in purchase_btn_click\n    CommonActions.click_on_visible_locator_ac(self, payments_mthds_lcs[\"purchase\"])\nsrc\\utils\\commonActions.py:16: in click_on_visible_locator_ac\n    element = wdw(self.driver, 5).until(ec.visibility_of_element_located(locator))\n_ _ _ _ _ _ _ _ _ _ _ _ _ _ _ _ _ _ _ _ _ _ _ _ _ _ _ _ _ _ _ _ _ _ _ _ _ _ _ _ _ _ _ _ _ _ _ _ _ _ _ _ _ _ _ _ _ _ _ _ _ _ _ _ _ _ _ _ _ _ _ _ _ \n\nself = <selenium.webdriver.support.wait.WebDriverWait (session=\"f48e4a8cf622fa921342deebc0dd0d62\")>\nmethod = <function visibility_of_element_located.<locals>._predicate at 0x000001EE6ACE6B00>, message = ''\n\n    def until(self, method, message: str = \"\"):\n        \"\"\"Calls the method provided with the driver as an argument until the \\\n        return value does not evaluate to ``False``.\n    \n        :param method: callable(WebDriver)\n        :param message: optional message for :exc:`TimeoutException`\n        :returns: the result of the last call to `method`\n        :raises: :exc:`selenium.common.exceptions.TimeoutException` if timeout occurs\n        \"\"\"\n        screen = None\n        stacktrace = None\n    \n        end_time = time.monotonic() + self._timeout\n        while True:\n            try:\n                value = method(self._driver)\n                if value:\n                    return value\n            except self._ignored_exceptions as exc:\n                screen = getattr(exc, \"screen\", None)\n                stacktrace = getattr(exc, \"stacktrace\", None)\n            time.sleep(self._poll)\n            if time.monotonic() > end_time:\n                break\n>       raise TimeoutException(message, screen, stacktrace)\nE       selenium.common.exceptions.TimeoutException: Message: \nE       Stacktrace:\nE       Backtrace:\nE       \t(No symbol) [0x00EFDCE3]\nE       \t(No symbol) [0x00E939D1]\nE       \t(No symbol) [0x00DA4DA8]\nE       \t(No symbol) [0x00DD019F]\nE       \t(No symbol) [0x00DD03AB]\nE       \t(No symbol) [0x00DFEE62]\nE       \t(No symbol) [0x00DEAF14]\nE       \t(No symbol) [0x00DFD57C]\nE       \t(No symbol) [0x00DEACC6]\nE       \t(No symbol) [0x00DC6F68]\nE       \t(No symbol) [0x00DC80CD]\nE       \tGetHandleVerifier [0x01173832+2506274]\nE       \tGetHandleVerifier [0x011A9794+2727300]\nE       \tGetHandleVerifier [0x011AE36C+2746716]\nE       \tGetHandleVerifier [0x00FA6690+617600]\nE       \t(No symbol) [0x00E9C712]\nE       \t(No symbol) [0x00EA1FF8]\nE       \t(No symbol) [0x00EA20DB]\nE       \t(No symbol) [0x00EAC63B]\nE       \tBaseThreadInitThunk [0x76327D69+25]\nE       \tRtlInitializeExceptionChain [0x76FFB74B+107]\nE       \tRtlClearBits [0x76FFB6CF+191]\n\nC:\\Users\\artem\\PycharmProjects\\POMTrado\\venv\\lib\\site-packages\\selenium\\webdriver\\support\\wait.py:95: TimeoutException"}, "description": "the test is verify, if user can execute purchase with valid credit card", "start": 1680535152928, "stop": 1680535166857, "uuid": "6b34c84c-bd50-4c19-abda-d426622ce66e", "historyId": "c41f06dae2d094d69dd7a800306aa545", "testCaseId": "f8e3cf3bec8c1a63c4cc70fbcd732191", "fullName": "tests.chromeTests.testCheckoutProcess.TestCheckoutProcess#test_execute_valid_credit_card_purchase", "labels": [{"name": "parentSuite", "value": "tests.chromeTests"}, {"name": "suite", "value": "testCheckoutProcess"}, {"name": "subSuite", "value": "TestCheckoutProcess"}, {"name": "host", "value": "krot"}, {"name": "thread", "value": "19772-MainThread"}, {"name": "framework", "value": "pytest"}, {"name": "language", "value": "cpython3"}, {"name": "package", "value": "tests.chromeTests.testCheckoutProcess"}]}