{"name": "test_beauty_products_btn", "status": "failed", "statusDetails": {"message": "AssertionError: assert 'beer' in 'גורילה גלו'\n +  where 'גורילה גלו' = <bound method CommonActions.get_attribute_by_textcontent of <src.utils.commonActions.CommonActions object at 0x000001EE6AF02440>>(('css selector', '#root > div > div.pages_pages > div.pages_children.false > div > div > div.store_productsList > div ...er > div.productsList_list > a > div > div.product_top > div.productDesc_productDesc.undefined > div.productDesc_name'))\n +    where <bound method CommonActions.get_attribute_by_textcontent of <src.utils.commonActions.CommonActions object at 0x000001EE6AF02440>> = <src.utils.commonActions.CommonActions object at 0x000001EE6AF02440>.get_attribute_by_textcontent\n +      where <src.utils.commonActions.CommonActions object at 0x000001EE6AF02440> = <tests.chromeTests.testHomePage.TestHomePage object at 0x000001EE6A9E10C0>.common_actions", "trace": "self = <tests.chromeTests.testHomePage.TestHomePage object at 0x000001EE6A9E10C0>\ndriver = <selenium.webdriver.chrome.webdriver.WebDriver (session=\"e1964307cb545daa2119b7ac9a92fd2f\")>\n\n    @allure.description(\"the test is verify, if beauty section button works\"\n                        \" and button title is the same page title that he open\")\n    @allure.severity(severity_level='minor')\n    def test_beauty_products_btn(self, driver):\n        self.welcome_to_modal.x_btn_click()\n        self.home_page.beer_products_click()\n        self.welcome_to_modal.x_btn_click()\n        assert self.common_actions.get_attribute_by_textcontent(home_lcs[\"page_title\"]) == \"בירות \"\n>       assert \"beer\" in self.common_actions.get_attribute_by_textcontent(home_lcs[\"product_from_beer_pg\"])\nE       AssertionError: assert 'beer' in 'גורילה גלו'\nE        +  where 'גורילה גלו' = <bound method CommonActions.get_attribute_by_textcontent of <src.utils.commonActions.CommonActions object at 0x000001EE6AF02440>>(('css selector', '#root > div > div.pages_pages > div.pages_children.false > div > div > div.store_productsList > div ...er > div.productsList_list > a > div > div.product_top > div.productDesc_productDesc.undefined > div.productDesc_name'))\nE        +    where <bound method CommonActions.get_attribute_by_textcontent of <src.utils.commonActions.CommonActions object at 0x000001EE6AF02440>> = <src.utils.commonActions.CommonActions object at 0x000001EE6AF02440>.get_attribute_by_textcontent\nE        +      where <src.utils.commonActions.CommonActions object at 0x000001EE6AF02440> = <tests.chromeTests.testHomePage.TestHomePage object at 0x000001EE6A9E10C0>.common_actions\n\ntests\\chromeTests\\testHomePage.py:82: AssertionError"}, "description": "the test is verify, if beauty section button works and button title is the same page title that he open", "start": 1680535311660, "stop": 1680535312088, "uuid": "8b603ee7-a60f-4135-80df-d515404a8f54", "historyId": "b2e81e073f5cb4a269e70e55659f1ca9", "testCaseId": "88ad402608320abca638b6699bcdf869", "fullName": "tests.chromeTests.testHomePage.TestHomePage#test_beauty_products_btn", "labels": [{"name": "severity", "value": "minor"}, {"name": "parentSuite", "value": "tests.chromeTests"}, {"name": "suite", "value": "testHomePage"}, {"name": "subSuite", "value": "TestHomePage"}, {"name": "host", "value": "krot"}, {"name": "thread", "value": "19772-MainThread"}, {"name": "framework", "value": "pytest"}, {"name": "language", "value": "cpython3"}, {"name": "package", "value": "tests.chromeTests.testHomePage"}]}