{"name": "test_proceed_purchase_with_invalid_floor2", "status": "failed", "statusDetails": {"message": "AssertionError: assert 'orderTimeline_time orderTimeline_current orderTimeline_current ' != 'orderTimeline_time orderTimeline_current orderTimeline_current '\n +  where 'orderTimeline_time orderTimeline_current orderTimeline_current ' = <bound method CommonActions.get_attribute_by_class of <src.utils.commonActions.CommonActions object at 0x000001EE6ACCA350>>(('css selector', '#root > div > div.pages_pages > div.pages_children.false > div > div.orderTimeline_orderTimeline.orderTimeline_checkoutTimeLineStyle > div:nth-child(2)'))\n +    where <bound method CommonActions.get_attribute_by_class of <src.utils.commonActions.CommonActions object at 0x000001EE6ACCA350>> = <src.utils.commonActions.CommonActions object at 0x000001EE6ACCA350>.get_attribute_by_class\n +      where <src.utils.commonActions.CommonActions object at 0x000001EE6ACCA350> = <tests.chromeTests.testCheckoutProcess.TestCheckoutProcess object at 0x000001EE6AD315D0>.common_actions", "trace": "self = <tests.chromeTests.testCheckoutProcess.TestCheckoutProcess object at 0x000001EE6AD315D0>\ndriver = <selenium.webdriver.chrome.webdriver.WebDriver (session=\"2ab937d03ba6be7d23772ff9c79ba395\")>\n\n    @allure.description(\"the test is verify, that user can't proceed a purchase,\"\n                        \" when he has set invalid floor number in delivery details\")\n    def test_proceed_purchase_with_invalid_floor2(self, driver):\n        self.sign_in_modal.sign_in()\n        self.product_page.add_1item()\n        self.cart_bar.check_out_btn_click()\n        assert driver.current_url == \"https://qa.trado.co.il/checkout\"\n        assert self.common_actions.get_attribute_by_class(deli_dtls_lcs[\"deliv_details_status\"]) \\\n               == \"orderTimeline_time orderTimeline_current orderTimeline_current \"\n        assert self.common_actions.get_attribute_by_value(deli_dtls_lcs[\"bn_num_fld\"]) == \"987654321\"\n        self.delivery_details_section.set_invoice_details(\"Pizza Jon\", \"987654321\", \"jhongrey89@mail.com\", \"Paris\",\n                                                       \"Baget\", \"3\", \"a\", \"-2\")\n        assert self.common_actions.get_attribute_by_textcontent(deli_dtls_lcs[\"invalid_floor_msg\"]) == \" ספרות בלבד \"\n        self.delivery_details_section.complete_purchase_btn_click()\n        sleep(1)\n>       assert self.common_actions.get_attribute_by_class(deli_dtls_lcs[\"payments_methods_status\"]) \\\n               != \"orderTimeline_time orderTimeline_current orderTimeline_current \"\nE       AssertionError: assert 'orderTimeline_time orderTimeline_current orderTimeline_current ' != 'orderTimeline_time orderTimeline_current orderTimeline_current '\nE        +  where 'orderTimeline_time orderTimeline_current orderTimeline_current ' = <bound method CommonActions.get_attribute_by_class of <src.utils.commonActions.CommonActions object at 0x000001EE6ACCA350>>(('css selector', '#root > div > div.pages_pages > div.pages_children.false > div > div.orderTimeline_orderTimeline.orderTimeline_checkoutTimeLineStyle > div:nth-child(2)'))\nE        +    where <bound method CommonActions.get_attribute_by_class of <src.utils.commonActions.CommonActions object at 0x000001EE6ACCA350>> = <src.utils.commonActions.CommonActions object at 0x000001EE6ACCA350>.get_attribute_by_class\nE        +      where <src.utils.commonActions.CommonActions object at 0x000001EE6ACCA350> = <tests.chromeTests.testCheckoutProcess.TestCheckoutProcess object at 0x000001EE6AD315D0>.common_actions\n\ntests\\chromeTests\\testCheckoutProcess.py:280: AssertionError"}, "description": "the test is verify, that user can't proceed a purchase, when he has set invalid floor number in delivery details", "start": 1680535142745, "stop": 1680535148005, "uuid": "c18cc93a-153b-42a7-9a64-2b173cfa2391", "historyId": "ac28a51e59c3a2fa477923f724e6e9bf", "testCaseId": "6301976b9174a4a17e4e5bc70a81a583", "fullName": "tests.chromeTests.testCheckoutProcess.TestCheckoutProcess#test_proceed_purchase_with_invalid_floor2", "labels": [{"name": "parentSuite", "value": "tests.chromeTests"}, {"name": "suite", "value": "testCheckoutProcess"}, {"name": "subSuite", "value": "TestCheckoutProcess"}, {"name": "host", "value": "krot"}, {"name": "thread", "value": "19772-MainThread"}, {"name": "framework", "value": "pytest"}, {"name": "language", "value": "cpython3"}, {"name": "package", "value": "tests.chromeTests.testCheckoutProcess"}]}