{"name": "test_proceed_purchase_with_invalid_bn_name2", "status": "failed", "statusDetails": {"message": "AssertionError: assert '  ' == 'שם בית העסק לא תקין'\n  Strings contain only whitespace, escaping them using repr()\n  - 'שם בית העסק לא תקין'\n  + '  '", "trace": "self = <tests.edgeTests.testCheckoutProcess.TestCheckoutProcess object at 0x000001EE6AB9C2B0>\ndriver = <selenium.webdriver.edge.webdriver.WebDriver (session=\"ec6452309efaf21985adf778cdbb7141\")>\n\n    @allure.description(\"the test is verify, that user can't proceed a purchase,\"\n                        \" when he has set invalid business name in delivery details\")\n    def test_proceed_purchase_with_invalid_bn_name2(self, driver):\n        self.sign_in_modal.sign_in()\n        self.product_page.add_1item()\n        self.cart_bar.check_out_btn_click()\n        assert driver.current_url == \"https://qa.trado.co.il/checkout\"\n        assert self.common_actions.get_attribute_by_class(deli_dtls_lcs[\"deliv_details_status\"]) \\\n               == \"orderTimeline_time orderTimeline_current orderTimeline_current \"\n        self.delivery_details_section.set_invoice_details(\"---\", \"987654321\", \"jhongrey89@mail.com\", \"Paris\",\n                                                       \"Baget\", \"3\", \"a\", \"2\")\n>       assert self.common_actions.get_attribute_by_textcontent(\n            deli_dtls_lcs[\"invalid_bn_name_msg\"]) == \"שם בית העסק לא תקין\"\nE       AssertionError: assert '  ' == 'שם בית העסק לא תקין'\nE         Strings contain only whitespace, escaping them using repr()\nE         - 'שם בית העסק לא תקין'\nE         + '  '\n\ntests\\edgeTests\\testCheckoutProcess.py:71: AssertionError"}, "description": "the test is verify, that user can't proceed a purchase, when he has set invalid business name in delivery details", "start": 1680535861514, "stop": 1680535865708, "uuid": "b043b8b7-882d-410d-b5fb-0b76778e9f1a", "historyId": "0ad0d5dceda261e16774fbf8e418b81b", "testCaseId": "72cf94f50717cc0ef801fed039eab351", "fullName": "tests.edgeTests.testCheckoutProcess.TestCheckoutProcess#test_proceed_purchase_with_invalid_bn_name2", "labels": [{"name": "parentSuite", "value": "tests.edgeTests"}, {"name": "suite", "value": "testCheckoutProcess"}, {"name": "subSuite", "value": "TestCheckoutProcess"}, {"name": "host", "value": "krot"}, {"name": "thread", "value": "19772-MainThread"}, {"name": "framework", "value": "pytest"}, {"name": "language", "value": "cpython3"}, {"name": "package", "value": "tests.edgeTests.testCheckoutProcess"}]}