{"name": "test_acadia_product_verification1", "status": "failed", "statusDetails": {"message": "AssertionError: assert 'גורילה גלו' == 'אקדיה'\n  - אקדיה\n  + גורילה גלו", "trace": "self = <tests.chromeTests.testProductPage.TestProductPage object at 0x000001EE6ACC2830>\ndriver = <selenium.webdriver.chrome.webdriver.WebDriver (session=\"50ad961f9756846e1a1cf44019ae5de1\")>\n\n    @allure.description(\"the test is verify, if title of product that user click on, \"\n                        \"is the same title of product, that appear in the product page \")\n    def test_acadia_product_verification1(self, driver):\n        self.welcome_to_modal.choose_coktails()\n>       assert self.common_actions.get_attribute_by_textcontent(product_lcs[\"product_name_in_hp\"]) == \"אקדיה\"\nE       AssertionError: assert 'גורילה גלו' == 'אקדיה'\nE         - אקדיה\nE         + גורילה גלו\n\ntests\\chromeTests\\testProductPage.py:34: AssertionError"}, "description": "the test is verify, if title of product that user click on, is the same title of product, that appear in the product page ", "start": 1680535610145, "stop": 1680535610639, "uuid": "094a13fc-6a2d-4c39-a0aa-4c2bcb905109", "historyId": "10436be776d144668e1eda79424a2784", "testCaseId": "4bfd5edf4f073c2f0bb1c3afda7cdb92", "fullName": "tests.chromeTests.testProductPage.TestProductPage#test_acadia_product_verification1", "labels": [{"name": "parentSuite", "value": "tests.chromeTests"}, {"name": "suite", "value": "testProductPage"}, {"name": "subSuite", "value": "TestProductPage"}, {"name": "host", "value": "krot"}, {"name": "thread", "value": "19772-MainThread"}, {"name": "framework", "value": "pytest"}, {"name": "language", "value": "cpython3"}, {"name": "package", "value": "tests.chromeTests.testProductPage"}]}