{"name": "test_max_card_link", "status": "failed", "statusDetails": {"message": "AssertionError: assert 'https://qa.trado.co.il/' == 'https://www....rds/card/8649'\n  - https://www.max.co.il/cards/card/8649\n  + https://qa.trado.co.il/", "trace": "self = <tests.chromeTests.testHomePage.TestHomePage object at 0x00000179E6D88A30>\ndriver = <selenium.webdriver.chrome.webdriver.WebDriver (session=\"531fd7f8cfca322714e08d7023ce5fe3\")>\n\n    @allure.description(\"the test is verify, if max card link is work\")\n    def test_max_card_link(self, driver):\n        self.welcome_to_modal.choose_coktails()\n        self.home_page.max_card_link_click()\n>       assert driver.current_url == \"https://www.max.co.il/cards/card/8649\"\nE       AssertionError: assert 'https://qa.trado.co.il/' == 'https://www....rds/card/8649'\nE         - https://www.max.co.il/cards/card/8649\nE         + https://qa.trado.co.il/\n\ntests\\chromeTests\\testHomePage.py:190: AssertionError"}, "description": "the test is verify, if max card link is work", "start": 1680369314016, "stop": 1680369314497, "uuid": "ff2f6366-76a2-4c4c-a285-68f8006e7f81", "historyId": "437c7c3c8367928ae962673616cceeeb", "testCaseId": "9c91b9acc9ab29261f460f5c9d213d8d", "fullName": "tests.chromeTests.testHomePage.TestHomePage#test_max_card_link", "labels": [{"name": "parentSuite", "value": "tests.chromeTests"}, {"name": "suite", "value": "testHomePage"}, {"name": "subSuite", "value": "TestHomePage"}, {"name": "host", "value": "krot"}, {"name": "thread", "value": "8896-MainThread"}, {"name": "framework", "value": "pytest"}, {"name": "language", "value": "cpython3"}, {"name": "package", "value": "tests.chromeTests.testHomePage"}]}