{"name": "test_product_visability_in_eng", "status": "failed", "statusDetails": {"message": "AssertionError: assert 'אקדיה' == 'acadia'\n  - acadia\n  + אקדיה", "trace": "self = <tests.chromeTests.testProductPage.TestProductPage object at 0x000001538DC57010>\ndriver = <selenium.webdriver.chrome.webdriver.WebDriver (session=\"7477a93907c5a793b360a0b094e3f218\")>\n\n    @allure.description(\"the test is verify, if the hebrew name of the product, \"\n                        \"was changed to english name, after click on switch language button\")\n    def test_product_visability_in_eng(self, driver):\n        self.welcome_to_modal.choose_coktails()\n        self.product_page.click_on_product()\n        self.home_page.change_language_btn()\n>       assert self.common_actions.get_attribute_by_textcontent(product_lcs[\"product_name\"]) == \"acadia\"\nE       AssertionError: assert 'אקדיה' == 'acadia'\nE         - acadia\nE         + אקדיה\n\ntests\\chromeTests\\testProductPage.py:46: AssertionError"}, "description": "the test is verify, if the hebrew name of the product, was changed to english name, after click on switch language button", "start": 1680348629482, "stop": 1680348630579, "uuid": "e069f7f7-779c-453b-a47b-7fca443572f8", "historyId": "4bd9e023dad05d1255bbc7ee47dfa487", "testCaseId": "c297ed1a1c0945bfc35b750c0eb0f483", "fullName": "tests.chromeTests.testProductPage.TestProductPage#test_product_visability_in_eng", "labels": [{"name": "parentSuite", "value": "tests.chromeTests"}, {"name": "suite", "value": "testProductPage"}, {"name": "subSuite", "value": "TestProductPage"}, {"name": "host", "value": "krot"}, {"name": "thread", "value": "12616-MainThread"}, {"name": "framework", "value": "pytest"}, {"name": "language", "value": "cpython3"}, {"name": "package", "value": "tests.chromeTests.testProductPage"}]}