{"name": "test_proceed_purchase_with_invalid_housenum2", "status": "failed", "statusDetails": {"message": "AssertionError: assert 'orderTimeline_time orderTimeline_current orderTimeline_current ' != 'orderTimeline_time orderTimeline_current orderTimeline_current '\n +  where 'orderTimeline_time orderTimeline_current orderTimeline_current ' = <bound method CommonActions.get_attribute_by_class of <src.utils.commonActions.CommonActions object at 0x00000179E6CDB460>>(('css selector', '#root > div > div.pages_pages > div.pages_children.false > div > div.orderTimeline_orderTimeline.orderTimeline_checkoutTimeLineStyle > div:nth-child(2)'))\n +    where <bound method CommonActions.get_attribute_by_class of <src.utils.commonActions.CommonActions object at 0x00000179E6CDB460>> = <src.utils.commonActions.CommonActions object at 0x00000179E6CDB460>.get_attribute_by_class\n +      where <src.utils.commonActions.CommonActions object at 0x00000179E6CDB460> = <tests.chromeTests.testCheckoutProcess.TestCheckoutProcess object at 0x00000179E7021630>.common_actions", "trace": "self = <tests.chromeTests.testCheckoutProcess.TestCheckoutProcess object at 0x00000179E7021630>\ndriver = <selenium.webdriver.chrome.webdriver.WebDriver (session=\"8455031fa68adfc93967bace6487379e\")>\n\n    @allure.description(\"the test is verify, that user can't proceed a purchase,\"\n                        \" when he has set invalid street number in delivery details\")\n    def test_proceed_purchase_with_invalid_housenum2(self, driver):\n        self.sign_in_modal.sign_in()\n        self.product_page.add_1item()\n        self.cart_bar.check_out_btn_click()\n        assert driver.current_url == \"https://qa.trado.co.il/checkout\"\n        assert self.common_actions.get_attribute_by_class(deli_dtls_lcs[\"deliv_details_status\"]) \\\n               == \"orderTimeline_time orderTimeline_current orderTimeline_current \"\n        assert self.common_actions.get_attribute_by_value(deli_dtls_lcs[\"bn_num_fld\"]) == \"987654321\"\n        self.delivery_details_page.set_invoice_details(\"Pizza Jon\", \"987654321\", \"jhongrey89@mail.com\", \"Paris\",\n                                                       \"Baget\", \"-4\", \"a\", \"2\")\n        assert self.common_actions.get_attribute_by_textcontent(\n            deli_dtls_lcs[\"invalid_house_num_msg\"]) == \" ספרות בלבד \"\n        self.delivery_details_page.complete_purchase_btn_click()\n        sleep(1)\n>       assert self.common_actions.get_attribute_by_class(deli_dtls_lcs[\"payments_methods_status\"]) \\\n               != \"orderTimeline_time orderTimeline_current orderTimeline_current \"\nE       AssertionError: assert 'orderTimeline_time orderTimeline_current orderTimeline_current ' != 'orderTimeline_time orderTimeline_current orderTimeline_current '\nE        +  where 'orderTimeline_time orderTimeline_current orderTimeline_current ' = <bound method CommonActions.get_attribute_by_class of <src.utils.commonActions.CommonActions object at 0x00000179E6CDB460>>(('css selector', '#root > div > div.pages_pages > div.pages_children.false > div > div.orderTimeline_orderTimeline.orderTimeline_checkoutTimeLineStyle > div:nth-child(2)'))\nE        +    where <bound method CommonActions.get_attribute_by_class of <src.utils.commonActions.CommonActions object at 0x00000179E6CDB460>> = <src.utils.commonActions.CommonActions object at 0x00000179E6CDB460>.get_attribute_by_class\nE        +      where <src.utils.commonActions.CommonActions object at 0x00000179E6CDB460> = <tests.chromeTests.testCheckoutProcess.TestCheckoutProcess object at 0x00000179E7021630>.common_actions\n\ntests\\chromeTests\\testCheckoutProcess.py:214: AssertionError"}, "description": "the test is verify, that user can't proceed a purchase, when he has set invalid street number in delivery details", "start": 1680369024117, "stop": 1680369029469, "uuid": "b935c12f-b87b-4c2e-a4c4-fc724518dbe9", "historyId": "665a2a348a306dc106a77d11b32eb82f", "testCaseId": "53778808e2786690dafb3626be75b9eb", "fullName": "tests.chromeTests.testCheckoutProcess.TestCheckoutProcess#test_proceed_purchase_with_invalid_housenum2", "labels": [{"name": "parentSuite", "value": "tests.chromeTests"}, {"name": "suite", "value": "testCheckoutProcess"}, {"name": "subSuite", "value": "TestCheckoutProcess"}, {"name": "host", "value": "krot"}, {"name": "thread", "value": "8896-MainThread"}, {"name": "framework", "value": "pytest"}, {"name": "language", "value": "cpython3"}, {"name": "package", "value": "tests.chromeTests.testCheckoutProcess"}]}