{"name": "test_sales_btn", "status": "broken", "statusDetails": {"message": "selenium.common.exceptions.ElementClickInterceptedException: Message: element click intercepted: Element is not clickable at point (1991, 100)\n  (Session info: chrome=111.0.5563.147)\nStacktrace:\nBacktrace:\n\t(No symbol) [0x00EFDCE3]\n\t(No symbol) [0x00E939D1]\n\t(No symbol) [0x00DA4DA8]\n\t(No symbol) [0x00DD52EA]\n\t(No symbol) [0x00DD3BBA]\n\t(No symbol) [0x00DD1EFB]\n\t(No symbol) [0x00DD1027]\n\t(No symbol) [0x00DC8D05]\n\t(No symbol) [0x00DEAECC]\n\t(No symbol) [0x00DC8726]\n\t(No symbol) [0x00DEB224]\n\t(No symbol) [0x00DFD57C]\n\t(No symbol) [0x00DEACC6]\n\t(No symbol) [0x00DC6F68]\n\t(No symbol) [0x00DC80CD]\n\tGetHandleVerifier [0x01173832+2506274]\n\tGetHandleVerifier [0x011A9794+2727300]\n\tGetHandleVerifier [0x011AE36C+2746716]\n\tGetHandleVerifier [0x00FA6690+617600]\n\t(No symbol) [0x00E9C712]\n\t(No symbol) [0x00EA1FF8]\n\t(No symbol) [0x00EA20DB]\n\t(No symbol) [0x00EAC63B]\n\tBaseThreadInitThunk [0x76327D69+25]\n\tRtlInitializeExceptionChain [0x76FFB74B+107]\n\tRtlClearBits [0x76FFB6CF+191]", "trace": "self = <tests.chromeTests.testHomePage.TestHomePage object at 0x000001EE6A9E0730>\ndriver = <selenium.webdriver.chrome.webdriver.WebDriver (session=\"68128421bb2cb249602175609e7ad924\")>\n\n    @allure.description(\"the test is verify, if sales section button works\"\n                        \" and button title is the same page title that he open\")\n    @allure.severity(severity_level='minor')\n    def test_sales_btn(self, driver):\n        self.welcome_to_modal.choose_coktails()\n>       self.home_page.sales_btn_click()\n\ntests\\chromeTests\\testHomePage.py:63: \n_ _ _ _ _ _ _ _ _ _ _ _ _ _ _ _ _ _ _ _ _ _ _ _ _ _ _ _ _ _ _ _ _ _ _ _ _ _ _ _ _ _ _ _ _ _ _ _ _ _ _ _ _ _ _ _ _ _ _ _ _ _ _ _ _ _ _ _ _ _ _ _ _ \nsrc\\pages\\homePage.py:25: in sales_btn_click\n    CommonActions.click_on_locator(self, home_lcs[\"section1\"])\nsrc\\utils\\commonActions.py:14: in click_on_locator\n    return wdw(self.driver, 5).until(ec.visibility_of_element_located(locator)).click()\nC:\\Users\\artem\\PycharmProjects\\POMTrado\\venv\\lib\\site-packages\\selenium\\webdriver\\remote\\webelement.py:93: in click\n    self._execute(Command.CLICK_ELEMENT)\nC:\\Users\\artem\\PycharmProjects\\POMTrado\\venv\\lib\\site-packages\\selenium\\webdriver\\remote\\webelement.py:403: in _execute\n    return self._parent.execute(command, params)\nC:\\Users\\artem\\PycharmProjects\\POMTrado\\venv\\lib\\site-packages\\selenium\\webdriver\\remote\\webdriver.py:440: in execute\n    self.error_handler.check_response(response)\n_ _ _ _ _ _ _ _ _ _ _ _ _ _ _ _ _ _ _ _ _ _ _ _ _ _ _ _ _ _ _ _ _ _ _ _ _ _ _ _ _ _ _ _ _ _ _ _ _ _ _ _ _ _ _ _ _ _ _ _ _ _ _ _ _ _ _ _ _ _ _ _ _ \n\nself = <selenium.webdriver.remote.errorhandler.ErrorHandler object at 0x000001EE6AC9D000>\nresponse = {'status': 400, 'value': '{\"value\":{\"error\":\"element click intercepted\",\"message\":\"element click intercepted: Element ...dInitThunk [0x76327D69+25]\\\\n\\\\tRtlInitializeExceptionChain [0x76FFB74B+107]\\\\n\\\\tRtlClearBits [0x76FFB6CF+191]\\\\n\"}}'}\n\n    def check_response(self, response: Dict[str, Any]) -> None:\n        \"\"\"Checks that a JSON response from the WebDriver does not have an\n        error.\n    \n        :Args:\n         - response - The JSON response from the WebDriver server as a dictionary\n           object.\n    \n        :Raises: If the response contains an error message.\n        \"\"\"\n        status = response.get(\"status\", None)\n        if not status or status == ErrorCode.SUCCESS:\n            return\n        value = None\n        message = response.get(\"message\", \"\")\n        screen: str = response.get(\"screen\", \"\")\n        stacktrace = None\n        if isinstance(status, int):\n            value_json = response.get(\"value\", None)\n            if value_json and isinstance(value_json, str):\n                import json\n    \n                try:\n                    value = json.loads(value_json)\n                    if len(value.keys()) == 1:\n                        value = value[\"value\"]\n                    status = value.get(\"error\", None)\n                    if not status:\n                        status = value.get(\"status\", ErrorCode.UNKNOWN_ERROR)\n                        message = value.get(\"value\") or value.get(\"message\")\n                        if not isinstance(message, str):\n                            value = message\n                            message = message.get(\"message\")\n                    else:\n                        message = value.get(\"message\", None)\n                except ValueError:\n                    pass\n    \n        exception_class: Type[WebDriverException]\n        if status in ErrorCode.NO_SUCH_ELEMENT:\n            exception_class = NoSuchElementException\n        elif status in ErrorCode.NO_SUCH_FRAME:\n            exception_class = NoSuchFrameException\n        elif status in ErrorCode.NO_SUCH_SHADOW_ROOT:\n            exception_class = NoSuchShadowRootException\n        elif status in ErrorCode.NO_SUCH_WINDOW:\n            exception_class = NoSuchWindowException\n        elif status in ErrorCode.STALE_ELEMENT_REFERENCE:\n            exception_class = StaleElementReferenceException\n        elif status in ErrorCode.ELEMENT_NOT_VISIBLE:\n            exception_class = ElementNotVisibleException\n        elif status in ErrorCode.INVALID_ELEMENT_STATE:\n            exception_class = InvalidElementStateException\n        elif (\n            status in ErrorCode.INVALID_SELECTOR\n            or status in ErrorCode.INVALID_XPATH_SELECTOR\n            or status in ErrorCode.INVALID_XPATH_SELECTOR_RETURN_TYPER\n        ):\n            exception_class = InvalidSelectorException\n        elif status in ErrorCode.ELEMENT_IS_NOT_SELECTABLE:\n            exception_class = ElementNotSelectableException\n        elif status in ErrorCode.ELEMENT_NOT_INTERACTABLE:\n            exception_class = ElementNotInteractableException\n        elif status in ErrorCode.INVALID_COOKIE_DOMAIN:\n            exception_class = InvalidCookieDomainException\n        elif status in ErrorCode.UNABLE_TO_SET_COOKIE:\n            exception_class = UnableToSetCookieException\n        elif status in ErrorCode.TIMEOUT:\n            exception_class = TimeoutException\n        elif status in ErrorCode.SCRIPT_TIMEOUT:\n            exception_class = TimeoutException\n        elif status in ErrorCode.UNKNOWN_ERROR:\n            exception_class = WebDriverException\n        elif status in ErrorCode.UNEXPECTED_ALERT_OPEN:\n            exception_class = UnexpectedAlertPresentException\n        elif status in ErrorCode.NO_ALERT_OPEN:\n            exception_class = NoAlertPresentException\n        elif status in ErrorCode.IME_NOT_AVAILABLE:\n            exception_class = ImeNotAvailableException\n        elif status in ErrorCode.IME_ENGINE_ACTIVATION_FAILED:\n            exception_class = ImeActivationFailedException\n        elif status in ErrorCode.MOVE_TARGET_OUT_OF_BOUNDS:\n            exception_class = MoveTargetOutOfBoundsException\n        elif status in ErrorCode.JAVASCRIPT_ERROR:\n            exception_class = JavascriptException\n        elif status in ErrorCode.SESSION_NOT_CREATED:\n            exception_class = SessionNotCreatedException\n        elif status in ErrorCode.INVALID_ARGUMENT:\n            exception_class = InvalidArgumentException\n        elif status in ErrorCode.NO_SUCH_COOKIE:\n            exception_class = NoSuchCookieException\n        elif status in ErrorCode.UNABLE_TO_CAPTURE_SCREEN:\n            exception_class = ScreenshotException\n        elif status in ErrorCode.ELEMENT_CLICK_INTERCEPTED:\n            exception_class = ElementClickInterceptedException\n        elif status in ErrorCode.INSECURE_CERTIFICATE:\n            exception_class = InsecureCertificateException\n        elif status in ErrorCode.INVALID_COORDINATES:\n            exception_class = InvalidCoordinatesException\n        elif status in ErrorCode.INVALID_SESSION_ID:\n            exception_class = InvalidSessionIdException\n        elif status in ErrorCode.UNKNOWN_METHOD:\n            exception_class = UnknownMethodException\n        else:\n            exception_class = WebDriverException\n        if not value:\n            value = response[\"value\"]\n        if isinstance(value, str):\n            raise exception_class(value)\n        if message == \"\" and \"message\" in value:\n            message = value[\"message\"]\n    \n        screen = None  # type: ignore[assignment]\n        if \"screen\" in value:\n            screen = value[\"screen\"]\n    \n        stacktrace = None\n        st_value = value.get(\"stackTrace\") or value.get(\"stacktrace\")\n        if st_value:\n            if isinstance(st_value, str):\n                stacktrace = st_value.split(\"\\n\")\n            else:\n                stacktrace = []\n                try:\n                    for frame in st_value:\n                        line = frame.get(\"lineNumber\", \"\")\n                        file = frame.get(\"fileName\", \"<anonymous>\")\n                        if line:\n                            file = f\"{file}:{line}\"\n                        meth = frame.get(\"methodName\", \"<anonymous>\")\n                        if \"className\" in frame:\n                            meth = f\"{frame['className']}.{meth}\"\n                        msg = \"    at %s (%s)\"\n                        msg = msg % (meth, file)\n                        stacktrace.append(msg)\n                except TypeError:\n                    pass\n        if exception_class == UnexpectedAlertPresentException:\n            alert_text = None\n            if \"data\" in value:\n                alert_text = value[\"data\"].get(\"text\")\n            elif \"alert\" in value:\n                alert_text = value[\"alert\"].get(\"text\")\n            raise exception_class(message, screen, stacktrace, alert_text)  # type: ignore[call-arg]  # mypy is not smart enough here\n>       raise exception_class(message, screen, stacktrace)\nE       selenium.common.exceptions.ElementClickInterceptedException: Message: element click intercepted: Element is not clickable at point (1991, 100)\nE         (Session info: chrome=111.0.5563.147)\nE       Stacktrace:\nE       Backtrace:\nE       \t(No symbol) [0x00EFDCE3]\nE       \t(No symbol) [0x00E939D1]\nE       \t(No symbol) [0x00DA4DA8]\nE       \t(No symbol) [0x00DD52EA]\nE       \t(No symbol) [0x00DD3BBA]\nE       \t(No symbol) [0x00DD1EFB]\nE       \t(No symbol) [0x00DD1027]\nE       \t(No symbol) [0x00DC8D05]\nE       \t(No symbol) [0x00DEAECC]\nE       \t(No symbol) [0x00DC8726]\nE       \t(No symbol) [0x00DEB224]\nE       \t(No symbol) [0x00DFD57C]\nE       \t(No symbol) [0x00DEACC6]\nE       \t(No symbol) [0x00DC6F68]\nE       \t(No symbol) [0x00DC80CD]\nE       \tGetHandleVerifier [0x01173832+2506274]\nE       \tGetHandleVerifier [0x011A9794+2727300]\nE       \tGetHandleVerifier [0x011AE36C+2746716]\nE       \tGetHandleVerifier [0x00FA6690+617600]\nE       \t(No symbol) [0x00E9C712]\nE       \t(No symbol) [0x00EA1FF8]\nE       \t(No symbol) [0x00EA20DB]\nE       \t(No symbol) [0x00EAC63B]\nE       \tBaseThreadInitThunk [0x76327D69+25]\nE       \tRtlInitializeExceptionChain [0x76FFB74B+107]\nE       \tRtlClearBits [0x76FFB6CF+191]\n\nC:\\Users\\artem\\PycharmProjects\\POMTrado\\venv\\lib\\site-packages\\selenium\\webdriver\\remote\\errorhandler.py:245: ElementClickInterceptedException"}, "description": "the test is verify, if sales section button works and button title is the same page title that he open", "start": 1680535299728, "stop": 1680535301099, "uuid": "b9652ef2-0fd8-4e87-88ad-accd662ccb6c", "historyId": "8ece4d73f270a8c1d4a910bc00ce4d6a", "testCaseId": "5c585207e862be24a3490889ffbe33ed", "fullName": "tests.chromeTests.testHomePage.TestHomePage#test_sales_btn", "labels": [{"name": "severity", "value": "minor"}, {"name": "parentSuite", "value": "tests.chromeTests"}, {"name": "suite", "value": "testHomePage"}, {"name": "subSuite", "value": "TestHomePage"}, {"name": "host", "value": "krot"}, {"name": "thread", "value": "19772-MainThread"}, {"name": "framework", "value": "pytest"}, {"name": "language", "value": "cpython3"}, {"name": "package", "value": "tests.chromeTests.testHomePage"}]}