{"name": "test_max_card_link", "status": "failed", "statusDetails": {"message": "AssertionError: assert 'https://qa.trado.co.il/' == 'https://www....rds/card/8649'\n  - https://www.max.co.il/cards/card/8649\n  + https://qa.trado.co.il/", "trace": "self = <tests.chromeTests.testHomePage.TestHomePage object at 0x000001538DBE29E0>\ndriver = <selenium.webdriver.chrome.webdriver.WebDriver (session=\"4d3f8e5cadaa346c896e6926970df156\")>\n\n    @allure.description(\"the test is verify, if max card link is work\")\n    def test_max_card_link(self, driver):\n        self.welcome_to_modal.choose_coktails()\n        self.home_page.max_card_link_click()\n>       assert driver.current_url == \"https://www.max.co.il/cards/card/8649\"\nE       AssertionError: assert 'https://qa.trado.co.il/' == 'https://www....rds/card/8649'\nE         - https://www.max.co.il/cards/card/8649\nE         + https://qa.trado.co.il/\n\ntests\\chromeTests\\testHomePage.py:191: AssertionError"}, "description": "the test is verify, if max card link is work", "start": 1680348440563, "stop": 1680348441125, "uuid": "1fa7bf6d-9953-424c-ae64-07f0ef29bb48", "historyId": "437c7c3c8367928ae962673616cceeeb", "testCaseId": "9c91b9acc9ab29261f460f5c9d213d8d", "fullName": "tests.chromeTests.testHomePage.TestHomePage#test_max_card_link", "labels": [{"name": "parentSuite", "value": "tests.chromeTests"}, {"name": "suite", "value": "testHomePage"}, {"name": "subSuite", "value": "TestHomePage"}, {"name": "host", "value": "krot"}, {"name": "thread", "value": "12616-MainThread"}, {"name": "framework", "value": "pytest"}, {"name": "language", "value": "cpython3"}, {"name": "package", "value": "tests.chromeTests.testHomePage"}]}