{"name": "test_proceed_purchase_with_invalid_housenum2", "status": "failed", "statusDetails": {"message": "AssertionError: assert 'orderTimeline_time orderTimeline_current orderTimeline_current ' != 'orderTimeline_time orderTimeline_current orderTimeline_current '\n +  where 'orderTimeline_time orderTimeline_current orderTimeline_current ' = <bound method CommonActions.get_attribute_by_class of <src.utils.commonActions.CommonActions object at 0x000001EE6AE440D0>>(('css selector', '#root > div > div.pages_pages > div.pages_children.false > div > div.orderTimeline_orderTimeline.orderTimeline_checkoutTimeLineStyle > div:nth-child(2)'))\n +    where <bound method CommonActions.get_attribute_by_class of <src.utils.commonActions.CommonActions object at 0x000001EE6AE440D0>> = <src.utils.commonActions.CommonActions object at 0x000001EE6AE440D0>.get_attribute_by_class\n +      where <src.utils.commonActions.CommonActions object at 0x000001EE6AE440D0> = <tests.edgeTests.testCheckoutProcess.TestCheckoutProcess object at 0x000001EE6AB9F400>.common_actions", "trace": "self = <tests.edgeTests.testCheckoutProcess.TestCheckoutProcess object at 0x000001EE6AB9F400>\ndriver = <selenium.webdriver.edge.webdriver.WebDriver (session=\"7ae1cb3df3ac7fb519839b05ec24b4a9\")>\n\n    @allure.description(\"the test is verify, that user can't proceed a purchase,\"\n                        \" when he has set invalid street number in delivery details\")\n    def test_proceed_purchase_with_invalid_housenum2(self, driver):\n        self.sign_in_modal.sign_in()\n        self.product_page.add_1item()\n        self.cart_bar.check_out_btn_click()\n        assert driver.current_url == \"https://qa.trado.co.il/checkout\"\n        assert self.common_actions.get_attribute_by_class(deli_dtls_lcs[\"deliv_details_status\"]) \\\n               == \"orderTimeline_time orderTimeline_current orderTimeline_current \"\n        assert self.common_actions.get_attribute_by_value(deli_dtls_lcs[\"bn_num_fld\"]) == \"987654321\"\n        self.delivery_details_section.set_invoice_details(\"Pizza Jon\", \"987654321\", \"jhongrey89@mail.com\", \"Paris\",\n                                                       \"Baget\", \"-4\", \"a\", \"2\")\n        assert self.common_actions.get_attribute_by_textcontent(\n            deli_dtls_lcs[\"invalid_house_num_msg\"]) == \" ספרות בלבד \"\n        self.delivery_details_section.complete_purchase_btn_click()\n        sleep(1)\n>       assert self.common_actions.get_attribute_by_class(deli_dtls_lcs[\"payments_methods_status\"]) \\\n               != \"orderTimeline_time orderTimeline_current orderTimeline_current \"\nE       AssertionError: assert 'orderTimeline_time orderTimeline_current orderTimeline_current ' != 'orderTimeline_time orderTimeline_current orderTimeline_current '\nE        +  where 'orderTimeline_time orderTimeline_current orderTimeline_current ' = <bound method CommonActions.get_attribute_by_class of <src.utils.commonActions.CommonActions object at 0x000001EE6AE440D0>>(('css selector', '#root > div > div.pages_pages > div.pages_children.false > div > div.orderTimeline_orderTimeline.orderTimeline_checkoutTimeLineStyle > div:nth-child(2)'))\nE        +    where <bound method CommonActions.get_attribute_by_class of <src.utils.commonActions.CommonActions object at 0x000001EE6AE440D0>> = <src.utils.commonActions.CommonActions object at 0x000001EE6AE440D0>.get_attribute_by_class\nE        +      where <src.utils.commonActions.CommonActions object at 0x000001EE6AE440D0> = <tests.edgeTests.testCheckoutProcess.TestCheckoutProcess object at 0x000001EE6AB9F400>.common_actions\n\ntests\\edgeTests\\testCheckoutProcess.py:224: AssertionError"}, "description": "the test is verify, that user can't proceed a purchase, when he has set invalid street number in delivery details", "start": 1680535940355, "stop": 1680535945596, "uuid": "5b4556f1-354c-4683-b194-fb6d9c0fe140", "historyId": "3c8a2d2755d103101f3c5c8ea1e66f30", "testCaseId": "d917b829c47f85fef5bb8b95b4bffbba", "fullName": "tests.edgeTests.testCheckoutProcess.TestCheckoutProcess#test_proceed_purchase_with_invalid_housenum2", "labels": [{"name": "parentSuite", "value": "tests.edgeTests"}, {"name": "suite", "value": "testCheckoutProcess"}, {"name": "subSuite", "value": "TestCheckoutProcess"}, {"name": "host", "value": "krot"}, {"name": "thread", "value": "19772-MainThread"}, {"name": "framework", "value": "pytest"}, {"name": "language", "value": "cpython3"}, {"name": "package", "value": "tests.edgeTests.testCheckoutProcess"}]}