{"name": "test_product_visability_in_eng", "status": "failed", "statusDetails": {"message": "AssertionError: assert 'אקדיה' == 'acadia'\n  - acadia\n  + אקדיה", "trace": "self = <tests.chromeTests.testProductPage.TestProductPage object at 0x00000179E6D13340>\ndriver = <selenium.webdriver.chrome.webdriver.WebDriver (session=\"37ce12c2b879646c36cec55c07f69188\")>\n\n    @allure.description(\"the test is verify, if the hebrew name of the product, \"\n                        \"was changed to english name, after click on switch language button\")\n    def test_product_visability_in_eng(self, driver):\n        self.welcome_to_modal.choose_coktails()\n        self.product_page.click_on_product()\n        self.home_page.change_language_btn()\n>       assert self.common_actions.get_attribute_by_textcontent(product_lcs[\"product_name\"]) == \"acadia\"\nE       AssertionError: assert 'אקדיה' == 'acadia'\nE         - acadia\nE         + אקדיה\n\ntests\\chromeTests\\testProductPage.py:46: AssertionError"}, "description": "the test is verify, if the hebrew name of the product, was changed to english name, after click on switch language button", "start": 1680369520258, "stop": 1680369521310, "uuid": "885d2b6d-2011-4532-a940-c2b7d3dd792e", "historyId": "4bd9e023dad05d1255bbc7ee47dfa487", "testCaseId": "c297ed1a1c0945bfc35b750c0eb0f483", "fullName": "tests.chromeTests.testProductPage.TestProductPage#test_product_visability_in_eng", "labels": [{"name": "parentSuite", "value": "tests.chromeTests"}, {"name": "suite", "value": "testProductPage"}, {"name": "subSuite", "value": "TestProductPage"}, {"name": "host", "value": "krot"}, {"name": "thread", "value": "8896-MainThread"}, {"name": "framework", "value": "pytest"}, {"name": "language", "value": "cpython3"}, {"name": "package", "value": "tests.chromeTests.testProductPage"}]}