{"name": "test_execute_valid_credit_card_purchase", "status": "broken", "statusDetails": {"message": "selenium.common.exceptions.TimeoutException: Message: \nStacktrace:\nBacktrace:\n\tMicrosoft::Applications::Events::EventProperties::SetProperty [0x00007FF7049DA742+12658]\n\tMicrosoft::Applications::Events::EventProperty::EventProperty [0x00007FF7049729E2+747650]\n\t(No symbol) [0x00007FF70460DD2E]\n\t(No symbol) [0x00007FF70464FB49]\n\t(No symbol) [0x00007FF70464FCD0]\n\t(No symbol) [0x00007FF70468B4B7]\n\t(No symbol) [0x00007FF70466F42F]\n\t(No symbol) [0x00007FF704642791]\n\t(No symbol) [0x00007FF70468874C]\n\t(No symbol) [0x00007FF70466F1C3]\n\t(No symbol) [0x00007FF7046417D6]\n\t(No symbol) [0x00007FF7046409B5]\n\t(No symbol) [0x00007FF704641F44]\n\tMicrosoft::Applications::Events::EventProperties::SetProperty [0x00007FF7048856A0+147088]\n\t(No symbol) [0x00007FF704729306]\n\tMicrosoft::Applications::Events::EventProperty::EventProperty [0x00007FF7048C4607+33959]\n\tMicrosoft::Applications::Events::EventProperty::EventProperty [0x00007FF7048C80D5+49013]\n\tMicrosoft::Applications::Events::ILogManager::DispatchEventBroadcast [0x00007FF704BB9A93+1305267]\n\tMicrosoft::Applications::Events::EventProperty::EventProperty [0x00007FF70497AF9C+781884]\n\tMicrosoft::Applications::Events::EventProperty::EventProperty [0x00007FF7049804C4+803684]\n\tMicrosoft::Applications::Events::EventProperty::EventProperty [0x00007FF70498061C+804028]\n\tMicrosoft::Applications::Events::EventProperty::EventProperty [0x00007FF704988721+837057]\n\tBaseThreadInitThunk [0x00007FF9B63A26BD+29]\n\tRtlUserThreadStart [0x00007FF9B704A9F8+40]", "trace": "self = <tests.edgeTests.testCheckoutProcess.TestCheckoutProcess object at 0x000001EE6AB9C4C0>\ndriver = <selenium.webdriver.edge.webdriver.WebDriver (session=\"b27de7a3714dda707d78ffc9e3746278\")>\n\n    @allure.description(\"the test is verify, if user can execute purchase with valid credit card\")\n    def test_execute_valid_credit_card_purchase(self, driver):\n        self.sign_in_modal.sign_in()\n        self.product_page.add_1item()\n        self.cart_bar.check_out_btn_click()\n        assert driver.current_url == \"https://qa.trado.co.il/checkout\"\n        assert self.common_actions.get_attribute_by_class(deli_dtls_lcs[\"deliv_details_status\"]) \\\n               == \"orderTimeline_time orderTimeline_current orderTimeline_current \"\n        assert self.common_actions.get_attribute_by_value(deli_dtls_lcs[\"bn_num_fld\"]) == \"987654321\"\n        self.delivery_details_section.set_invoice_details(\"Pizza Jon\", \"987654321\", \"jhongrey89@mail.com\", \"Paris\",\n                                                       \"Baget\", \"3\", \"a\", \"2\")\n        self.delivery_details_section.complete_purchase_btn_click()\n        self.payments_methods_section.credit_card_click()\n        driver.switch_to.frame(\"yaadFrame\")\n        self.credit_card_modal.set_card_num(\"4580000000000000\")\n        self.credit_card_modal.set_id_num(\"000000000\")\n        self.credit_card_modal.choose_5_month()\n        self.credit_card_modal.choose_24_year()\n        self.credit_card_modal.set_cvv('123')\n        self.credit_card_modal.submit_btn_click()\n        sleep(2)\n>       self.payments_methods_section.purchase_btn_click()\n\ntests\\edgeTests\\testCheckoutProcess.py:304: \n_ _ _ _ _ _ _ _ _ _ _ _ _ _ _ _ _ _ _ _ _ _ _ _ _ _ _ _ _ _ _ _ _ _ _ _ _ _ _ _ _ _ _ _ _ _ _ _ _ _ _ _ _ _ _ _ _ _ _ _ _ _ _ _ _ _ _ _ _ _ _ _ _ \nsrc\\pages\\paymentsMethodsSection.py:15: in purchase_btn_click\n    CommonActions.click_on_visible_locator_ac(self, payments_mthds_lcs[\"purchase\"])\nsrc\\utils\\commonActions.py:16: in click_on_visible_locator_ac\n    element = wdw(self.driver, 5).until(ec.visibility_of_element_located(locator))\n_ _ _ _ _ _ _ _ _ _ _ _ _ _ _ _ _ _ _ _ _ _ _ _ _ _ _ _ _ _ _ _ _ _ _ _ _ _ _ _ _ _ _ _ _ _ _ _ _ _ _ _ _ _ _ _ _ _ _ _ _ _ _ _ _ _ _ _ _ _ _ _ _ \n\nself = <selenium.webdriver.support.wait.WebDriverWait (session=\"b27de7a3714dda707d78ffc9e3746278\")>\nmethod = <function visibility_of_element_located.<locals>._predicate at 0x000001EE6AF79AB0>, message = ''\n\n    def until(self, method, message: str = \"\"):\n        \"\"\"Calls the method provided with the driver as an argument until the \\\n        return value does not evaluate to ``False``.\n    \n        :param method: callable(WebDriver)\n        :param message: optional message for :exc:`TimeoutException`\n        :returns: the result of the last call to `method`\n        :raises: :exc:`selenium.common.exceptions.TimeoutException` if timeout occurs\n        \"\"\"\n        screen = None\n        stacktrace = None\n    \n        end_time = time.monotonic() + self._timeout\n        while True:\n            try:\n                value = method(self._driver)\n                if value:\n                    return value\n            except self._ignored_exceptions as exc:\n                screen = getattr(exc, \"screen\", None)\n                stacktrace = getattr(exc, \"stacktrace\", None)\n            time.sleep(self._poll)\n            if time.monotonic() > end_time:\n                break\n>       raise TimeoutException(message, screen, stacktrace)\nE       selenium.common.exceptions.TimeoutException: Message: \nE       Stacktrace:\nE       Backtrace:\nE       \tMicrosoft::Applications::Events::EventProperties::SetProperty [0x00007FF7049DA742+12658]\nE       \tMicrosoft::Applications::Events::EventProperty::EventProperty [0x00007FF7049729E2+747650]\nE       \t(No symbol) [0x00007FF70460DD2E]\nE       \t(No symbol) [0x00007FF70464FB49]\nE       \t(No symbol) [0x00007FF70464FCD0]\nE       \t(No symbol) [0x00007FF70468B4B7]\nE       \t(No symbol) [0x00007FF70466F42F]\nE       \t(No symbol) [0x00007FF704642791]\nE       \t(No symbol) [0x00007FF70468874C]\nE       \t(No symbol) [0x00007FF70466F1C3]\nE       \t(No symbol) [0x00007FF7046417D6]\nE       \t(No symbol) [0x00007FF7046409B5]\nE       \t(No symbol) [0x00007FF704641F44]\nE       \tMicrosoft::Applications::Events::EventProperties::SetProperty [0x00007FF7048856A0+147088]\nE       \t(No symbol) [0x00007FF704729306]\nE       \tMicrosoft::Applications::Events::EventProperty::EventProperty [0x00007FF7048C4607+33959]\nE       \tMicrosoft::Applications::Events::EventProperty::EventProperty [0x00007FF7048C80D5+49013]\nE       \tMicrosoft::Applications::Events::ILogManager::DispatchEventBroadcast [0x00007FF704BB9A93+1305267]\nE       \tMicrosoft::Applications::Events::EventProperty::EventProperty [0x00007FF70497AF9C+781884]\nE       \tMicrosoft::Applications::Events::EventProperty::EventProperty [0x00007FF7049804C4+803684]\nE       \tMicrosoft::Applications::Events::EventProperty::EventProperty [0x00007FF70498061C+804028]\nE       \tMicrosoft::Applications::Events::EventProperty::EventProperty [0x00007FF704988721+837057]\nE       \tBaseThreadInitThunk [0x00007FF9B63A26BD+29]\nE       \tRtlUserThreadStart [0x00007FF9B704A9F8+40]\n\nC:\\Users\\artem\\PycharmProjects\\POMTrado\\venv\\lib\\site-packages\\selenium\\webdriver\\support\\wait.py:95: TimeoutException"}, "description": "the test is verify, if user can execute purchase with valid credit card", "start": 1680535981210, "stop": 1680535995285, "uuid": "b6e5f536-e198-4e39-92ef-e2cbefa860ce", "historyId": "84ef4127d3f68fcd2748aaa541e7245a", "testCaseId": "dd7451ac6617f7fe49f7468f01e04632", "fullName": "tests.edgeTests.testCheckoutProcess.TestCheckoutProcess#test_execute_valid_credit_card_purchase", "labels": [{"name": "parentSuite", "value": "tests.edgeTests"}, {"name": "suite", "value": "testCheckoutProcess"}, {"name": "subSuite", "value": "TestCheckoutProcess"}, {"name": "host", "value": "krot"}, {"name": "thread", "value": "19772-MainThread"}, {"name": "framework", "value": "pytest"}, {"name": "language", "value": "cpython3"}, {"name": "package", "value": "tests.edgeTests.testCheckoutProcess"}]}