{"name": "test_elements_visability_after_language_change", "status": "failed", "statusDetails": {"message": "AssertionError: assert 'טלפון' == 'phone'\n  - phone\n  + טלפון", "trace": "self = <tests.chromeTests.testCheckoutProcess.TestCheckoutProcess object at 0x000001EE6AD30C40>\ndriver = <selenium.webdriver.chrome.webdriver.WebDriver (session=\"1cb656a3bdef83cc6418faf0dde82c91\")>\n\n    @allure.description(\"the test is verify, that all elements of the delivery details section\"\n                        \"will be changed to english, after click on change language button\")\n    def test_elements_visability_after_language_change(self, driver):\n        self.sign_in_modal.sign_in()\n        self.product_page.add_1item()\n        self.cart_bar.check_out_btn_click()\n        self.home_page.change_language_btn()\n        sleep(1)\n>       assert self.common_actions.get_attribute_by_textcontent(deli_dtls_lcs[\"phone\"]) == \"phone\"\nE       AssertionError: assert 'טלפון' == 'phone'\nE         - phone\nE         + טלפון\n\ntests\\chromeTests\\testCheckoutProcess.py:41: AssertionError"}, "description": "the test is verify, that all elements of the delivery details sectionwill be changed to english, after click on change language button", "start": 1680535011690, "stop": 1680535016744, "uuid": "a5b4954d-7b82-4367-86b9-4deffbbca0de", "historyId": "74c0913cabb89a347c69708ba404b547", "testCaseId": "1cbada573ccd190afc0e7d59b83d1727", "fullName": "tests.chromeTests.testCheckoutProcess.TestCheckoutProcess#test_elements_visability_after_language_change", "labels": [{"name": "parentSuite", "value": "tests.chromeTests"}, {"name": "suite", "value": "testCheckoutProcess"}, {"name": "subSuite", "value": "TestCheckoutProcess"}, {"name": "host", "value": "krot"}, {"name": "thread", "value": "19772-MainThread"}, {"name": "framework", "value": "pytest"}, {"name": "language", "value": "cpython3"}, {"name": "package", "value": "tests.chromeTests.testCheckoutProcess"}]}