{"name": "test_sort_list_high_to_low", "status": "failed", "statusDetails": {"message": "AssertionError: assert '140' > '2290'", "trace": "self = <tests.chromeTests.testHomePage.TestHomePage object at 0x000001EE6A9E09A0>\ndriver = <selenium.webdriver.chrome.webdriver.WebDriver (session=\"e9a7d7a95af79392b87f4c5a58bc7601\")>\n\n    @allure.description(\"the test is verify, if user can sort the product list by price from high to low\")\n    def test_sort_list_high_to_low(self, driver):\n        self.welcome_to_modal.choose_coktails()\n        self.home_page.high_to_low_price_click()\n        sleep(1)\n        a = self.common_actions.get_attribute_by(home_lcs[\"dog_prod_price\"], \"textContent\").encode(\"utf-8\")\n        b = self.common_actions.get_attribute_by(home_lcs[\"goats_milk_prod_price\"], \"textContent\").encode(\"utf-8\")\n        a = str(a)\n        b = str(b)\n        a = a[2] + a[3] + a[4]\n        b = b[2] + b[3] + b[4] + b[5]\n>       assert a > b\nE       AssertionError: assert '140' > '2290'\n\ntests\\chromeTests\\testHomePage.py:229: AssertionError"}, "description": "the test is verify, if user can sort the product list by price from high to low", "start": 1680535407432, "stop": 1680535408969, "uuid": "6cf66593-52a4-48c1-bd41-b73d6fbafa25", "historyId": "7ff7bb79f3bc17d366ec9a8460904ae0", "testCaseId": "ef1605371be4032a56a3605e23d58339", "fullName": "tests.chromeTests.testHomePage.TestHomePage#test_sort_list_high_to_low", "labels": [{"name": "parentSuite", "value": "tests.chromeTests"}, {"name": "suite", "value": "testHomePage"}, {"name": "subSuite", "value": "TestHomePage"}, {"name": "host", "value": "krot"}, {"name": "thread", "value": "19772-MainThread"}, {"name": "framework", "value": "pytest"}, {"name": "language", "value": "cpython3"}, {"name": "package", "value": "tests.chromeTests.testHomePage"}]}