{"name": "test_execute_invalid_purchase2", "status": "failed", "statusDetails": {"message": "AssertionError: assert 'orderTimeline_time orderTimeline_full orderTimeline_current ' != 'orderTimeline_time orderTimeline_full orderTimeline_current '\n +  where 'orderTimeline_time orderTimeline_full orderTimeline_current ' = <bound method CommonActions.get_attribute_by_class of <src.utils.commonActions.CommonActions object at 0x000001538E038070>>(('css selector', '#root > div > div.pages_pages > div.pages_children.false > div > div.orderTimeline_orderTimeline.orderTimeline_checkoutTimeLineStyle > div:nth-child(3)'))\n +    where <bound method CommonActions.get_attribute_by_class of <src.utils.commonActions.CommonActions object at 0x000001538E038070>> = <src.utils.commonActions.CommonActions object at 0x000001538E038070>.get_attribute_by_class\n +      where <src.utils.commonActions.CommonActions object at 0x000001538E038070> = <tests.chromeTests.testCheckoutProcess.TestCheckoutProcess object at 0x000001538DF7E650>.common_actions", "trace": "self = <tests.chromeTests.testCheckoutProcess.TestCheckoutProcess object at 0x000001538DF7E650>\ndriver = <selenium.webdriver.chrome.webdriver.WebDriver (session=\"d3f85b0e7e0b9d7181a15b8f4302445e\")>\n\n    @allure.description(\"the test is verify, that user can't execute a purchase with invalid bank transfer data \")\n    def test_execute_invalid_purchase2(self, driver):\n        self.sign_in_modal.sign_in()\n        self.product_page.add_1item()\n        self.cart_bar.check_out_btn_click()\n        assert driver.current_url == \"https://qa.trado.co.il/checkout\"\n        assert self.common_actions.get_attribute_by_class(deli_dtls_lcs[\"deliv_details_status\"]) \\\n               == \"orderTimeline_time orderTimeline_current orderTimeline_current \"\n        assert self.common_actions.get_attribute_by_value(deli_dtls_lcs[\"bn_num_fld\"]) == \"12345678999\"\n        self.delivery_details_page.set_invoice_details(\"Pizza Jon\", \"12345678999\", \"jhongrey89@mail.com\", \"Paris\",\n                                                       \"Baget\", \"3\", \"a\", \"2\")\n        self.delivery_details_page.complete_purchase_btn_click()\n        self.payments_methods_page.bank_transfer_click()\n        self.bank_transfer_modal.set_bank_branch(\"dshdjsdjh\")\n        self.bank_transfer_modal.confirm_transfer_btn_click()\n        self.payments_methods_page.purchase_btn_click()\n        sleep(1)\n>       assert self.common_actions.get_attribute_by_class(\n            deli_dtls_lcs[\"order_summery_status\"]) != \"orderTimeline_time orderTimeline_full orderTimeline_current \"\nE       AssertionError: assert 'orderTimeline_time orderTimeline_full orderTimeline_current ' != 'orderTimeline_time orderTimeline_full orderTimeline_current '\nE        +  where 'orderTimeline_time orderTimeline_full orderTimeline_current ' = <bound method CommonActions.get_attribute_by_class of <src.utils.commonActions.CommonActions object at 0x000001538E038070>>(('css selector', '#root > div > div.pages_pages > div.pages_children.false > div > div.orderTimeline_orderTimeline.orderTimeline_checkoutTimeLineStyle > div:nth-child(3)'))\nE        +    where <bound method CommonActions.get_attribute_by_class of <src.utils.commonActions.CommonActions object at 0x000001538E038070>> = <src.utils.commonActions.CommonActions object at 0x000001538E038070>.get_attribute_by_class\nE        +      where <src.utils.commonActions.CommonActions object at 0x000001538E038070> = <tests.chromeTests.testCheckoutProcess.TestCheckoutProcess object at 0x000001538DF7E650>.common_actions\n\ntests\\chromeTests\\testCheckoutProcess.py:356: AssertionError"}, "description": "the test is verify, that user can't execute a purchase with invalid bank transfer data ", "start": 1680348236394, "stop": 1680348242375, "uuid": "a2411b1d-1e62-4c65-be84-e3c15c4492bf", "historyId": "d716c87d4102b910998fe0a85212383c", "testCaseId": "abf7cebb4c755db9eb1647c5f4f00d7f", "fullName": "tests.chromeTests.testCheckoutProcess.TestCheckoutProcess#test_execute_invalid_purchase2", "labels": [{"name": "parentSuite", "value": "tests.chromeTests"}, {"name": "suite", "value": "testCheckoutProcess"}, {"name": "subSuite", "value": "TestCheckoutProcess"}, {"name": "host", "value": "krot"}, {"name": "thread", "value": "12616-MainThread"}, {"name": "framework", "value": "pytest"}, {"name": "language", "value": "cpython3"}, {"name": "package", "value": "tests.chromeTests.testCheckoutProcess"}]}