{"name": "test_execute_valid_credit_card_purchase", "status": "broken", "statusDetails": {"message": "selenium.common.exceptions.TimeoutException: Message: \nStacktrace:\nBacktrace:\n\t(No symbol) [0x0080DCE3]\n\t(No symbol) [0x007A39D1]\n\t(No symbol) [0x006B4DA8]\n\t(No symbol) [0x006E019F]\n\t(No symbol) [0x006E03AB]\n\t(No symbol) [0x0070EE62]\n\t(No symbol) [0x006FAF14]\n\t(No symbol) [0x0070D57C]\n\t(No symbol) [0x006FACC6]\n\t(No symbol) [0x006D6F68]\n\t(No symbol) [0x006D80CD]\n\tGetHandleVerifier [0x00A83832+2506274]\n\tGetHandleVerifier [0x00AB9794+2727300]\n\tGetHandleVerifier [0x00ABE36C+2746716]\n\tGetHandleVerifier [0x008B6690+617600]\n\t(No symbol) [0x007AC712]\n\t(No symbol) [0x007B1FF8]\n\t(No symbol) [0x007B20DB]\n\t(No symbol) [0x007BC63B]\n\tBaseThreadInitThunk [0x76327D69+25]\n\tRtlInitializeExceptionChain [0x76FFB74B+107]\n\tRtlClearBits [0x76FFB6CF+191]", "trace": "self = <tests.chromeTests.testCheckoutProcess.TestCheckoutProcess object at 0x000001538DF7E2F0>\ndriver = <selenium.webdriver.chrome.webdriver.WebDriver (session=\"3e280d00822e260e3659cda3c5dff39f\")>\n\n    @allure.description(\"the test is verify, if user can execute purchase with valid credit card\")\n    def test_execute_valid_credit_card_purchase(self, driver):\n        self.sign_in_modal.sign_in()\n        self.product_page.add_1item()\n        self.cart_bar.check_out_btn_click()\n        assert driver.current_url == \"https://qa.trado.co.il/checkout\"\n        assert self.common_actions.get_attribute_by_class(deli_dtls_lcs[\"deliv_details_status\"]) \\\n               == \"orderTimeline_time orderTimeline_current orderTimeline_current \"\n        assert self.common_actions.get_attribute_by_value(deli_dtls_lcs[\"bn_num_fld\"]) == \"12345678999\"\n        self.delivery_details_page.set_invoice_details(\"Pizza Jon\", \"12345678999\", \"jhongrey89@mail.com\", \"Paris\",\n                                                       \"Baget\", \"3\", \"a\", \"2\")\n        self.delivery_details_page.complete_purchase_btn_click()\n        self.payments_methods_page.credit_card_click()\n        driver.switch_to.frame(\"yaadFrame\")\n        self.credit_card_modal.set_card_num(\"4580000000000000\")\n        self.credit_card_modal.set_id_num(\"000000000\")\n        self.credit_card_modal.choose_5_month()\n        self.credit_card_modal.choose_24_year()\n        self.credit_card_modal.set_cvv('123')\n        self.credit_card_modal.submit_btn_click()\n        sleep(2)\n>       self.payments_methods_page.purchase_btn_click()\n\ntests\\chromeTests\\testCheckoutProcess.py:294: \n_ _ _ _ _ _ _ _ _ _ _ _ _ _ _ _ _ _ _ _ _ _ _ _ _ _ _ _ _ _ _ _ _ _ _ _ _ _ _ _ _ _ _ _ _ _ _ _ _ _ _ _ _ _ _ _ _ _ _ _ _ _ _ _ _ _ _ _ _ _ _ _ _ \nsrc\\pages\\paymentsMethodsPage.py:15: in purchase_btn_click\n    CommonActions.click_on_locator(self, payments_mthds_lcs[\"purchase\"])\nsrc\\utils\\commonActions.py:16: in click_on_locator\n    return wdw(self.driver, 5).until(ec.visibility_of_element_located(locator)).click()\n_ _ _ _ _ _ _ _ _ _ _ _ _ _ _ _ _ _ _ _ _ _ _ _ _ _ _ _ _ _ _ _ _ _ _ _ _ _ _ _ _ _ _ _ _ _ _ _ _ _ _ _ _ _ _ _ _ _ _ _ _ _ _ _ _ _ _ _ _ _ _ _ _ \n\nself = <selenium.webdriver.support.wait.WebDriverWait (session=\"3e280d00822e260e3659cda3c5dff39f\")>\nmethod = <function visibility_of_element_located.<locals>._predicate at 0x000001538DFBD6C0>, message = ''\n\n    def until(self, method, message: str = \"\"):\n        \"\"\"Calls the method provided with the driver as an argument until the \\\n        return value does not evaluate to ``False``.\n    \n        :param method: callable(WebDriver)\n        :param message: optional message for :exc:`TimeoutException`\n        :returns: the result of the last call to `method`\n        :raises: :exc:`selenium.common.exceptions.TimeoutException` if timeout occurs\n        \"\"\"\n        screen = None\n        stacktrace = None\n    \n        end_time = time.monotonic() + self._timeout\n        while True:\n            try:\n                value = method(self._driver)\n                if value:\n                    return value\n            except self._ignored_exceptions as exc:\n                screen = getattr(exc, \"screen\", None)\n                stacktrace = getattr(exc, \"stacktrace\", None)\n            time.sleep(self._poll)\n            if time.monotonic() > end_time:\n                break\n>       raise TimeoutException(message, screen, stacktrace)\nE       selenium.common.exceptions.TimeoutException: Message: \nE       Stacktrace:\nE       Backtrace:\nE       \t(No symbol) [0x0080DCE3]\nE       \t(No symbol) [0x007A39D1]\nE       \t(No symbol) [0x006B4DA8]\nE       \t(No symbol) [0x006E019F]\nE       \t(No symbol) [0x006E03AB]\nE       \t(No symbol) [0x0070EE62]\nE       \t(No symbol) [0x006FAF14]\nE       \t(No symbol) [0x0070D57C]\nE       \t(No symbol) [0x006FACC6]\nE       \t(No symbol) [0x006D6F68]\nE       \t(No symbol) [0x006D80CD]\nE       \tGetHandleVerifier [0x00A83832+2506274]\nE       \tGetHandleVerifier [0x00AB9794+2727300]\nE       \tGetHandleVerifier [0x00ABE36C+2746716]\nE       \tGetHandleVerifier [0x008B6690+617600]\nE       \t(No symbol) [0x007AC712]\nE       \t(No symbol) [0x007B1FF8]\nE       \t(No symbol) [0x007B20DB]\nE       \t(No symbol) [0x007BC63B]\nE       \tBaseThreadInitThunk [0x76327D69+25]\nE       \tRtlInitializeExceptionChain [0x76FFB74B+107]\nE       \tRtlClearBits [0x76FFB6CF+191]\n\nC:\\Users\\artem\\PycharmProjects\\POMTrado\\venv\\lib\\site-packages\\selenium\\webdriver\\support\\wait.py:95: TimeoutException"}, "description": "the test is verify, if user can execute purchase with valid credit card", "start": 1680348195181, "stop": 1680348208911, "uuid": "3d448b32-d972-4b9d-aab8-8f9f52b48ec5", "historyId": "c41f06dae2d094d69dd7a800306aa545", "testCaseId": "f8e3cf3bec8c1a63c4cc70fbcd732191", "fullName": "tests.chromeTests.testCheckoutProcess.TestCheckoutProcess#test_execute_valid_credit_card_purchase", "labels": [{"name": "parentSuite", "value": "tests.chromeTests"}, {"name": "suite", "value": "testCheckoutProcess"}, {"name": "subSuite", "value": "TestCheckoutProcess"}, {"name": "host", "value": "krot"}, {"name": "thread", "value": "12616-MainThread"}, {"name": "framework", "value": "pytest"}, {"name": "language", "value": "cpython3"}, {"name": "package", "value": "tests.chromeTests.testCheckoutProcess"}]}