{"name": "test_slideshow_3link", "status": "broken", "statusDetails": {"message": "selenium.common.exceptions.TimeoutException: Message:", "trace": "self = <tests.chromeTests.testHomePage.TestHomePage object at 0x000001538DBE3F40>\ndriver = <selenium.webdriver.chrome.webdriver.WebDriver (session=\"414fd768b9313f7a192822360824f5a8\")>\n\n    @allure.description(\"the test is verify, if user can click on 3 slide from slide show\")\n    def test_slideshow_3link(self, driver):\n        self.welcome_to_modal.choose_coktails()\n        self.home_page.right_arrow_click()\n        self.home_page.right_arrow_click()\n        sleep(1)\n>       self.home_page.slide3_click()\n\ntests\\chromeTests\\testHomePage.py:151: \n_ _ _ _ _ _ _ _ _ _ _ _ _ _ _ _ _ _ _ _ _ _ _ _ _ _ _ _ _ _ _ _ _ _ _ _ _ _ _ _ _ _ _ _ _ _ _ _ _ _ _ _ _ _ _ _ _ _ _ _ _ _ _ _ _ _ _ _ _ _ _ _ _ \nsrc\\pages\\homePage.py:52: in slide3_click\n    CommonActions.click_on_locator(self, home_lcs[\"slide4\"])\nsrc\\utils\\commonActions.py:16: in click_on_locator\n    return wdw(self.driver, 5).until(ec.visibility_of_element_located(locator)).click()\n_ _ _ _ _ _ _ _ _ _ _ _ _ _ _ _ _ _ _ _ _ _ _ _ _ _ _ _ _ _ _ _ _ _ _ _ _ _ _ _ _ _ _ _ _ _ _ _ _ _ _ _ _ _ _ _ _ _ _ _ _ _ _ _ _ _ _ _ _ _ _ _ _ \n\nself = <selenium.webdriver.support.wait.WebDriverWait (session=\"414fd768b9313f7a192822360824f5a8\")>\nmethod = <function visibility_of_element_located.<locals>._predicate at 0x000001538E012CB0>, message = ''\n\n    def until(self, method, message: str = \"\"):\n        \"\"\"Calls the method provided with the driver as an argument until the \\\n        return value does not evaluate to ``False``.\n    \n        :param method: callable(WebDriver)\n        :param message: optional message for :exc:`TimeoutException`\n        :returns: the result of the last call to `method`\n        :raises: :exc:`selenium.common.exceptions.TimeoutException` if timeout occurs\n        \"\"\"\n        screen = None\n        stacktrace = None\n    \n        end_time = time.monotonic() + self._timeout\n        while True:\n            try:\n                value = method(self._driver)\n                if value:\n                    return value\n            except self._ignored_exceptions as exc:\n                screen = getattr(exc, \"screen\", None)\n                stacktrace = getattr(exc, \"stacktrace\", None)\n            time.sleep(self._poll)\n            if time.monotonic() > end_time:\n                break\n>       raise TimeoutException(message, screen, stacktrace)\nE       selenium.common.exceptions.TimeoutException: Message:\n\nC:\\Users\\artem\\PycharmProjects\\POMTrado\\venv\\lib\\site-packages\\selenium\\webdriver\\support\\wait.py:95: TimeoutException"}, "description": "the test is verify, if user can click on 3 slide from slide show", "start": 1680348403938, "stop": 1680348410554, "uuid": "be5e1687-fd59-4fdb-bb52-b12119709e0b", "historyId": "c7eae75b037c4408693823a685be33bc", "testCaseId": "95caa28c594762a447681efabdf42feb", "fullName": "tests.chromeTests.testHomePage.TestHomePage#test_slideshow_3link", "labels": [{"name": "parentSuite", "value": "tests.chromeTests"}, {"name": "suite", "value": "testHomePage"}, {"name": "subSuite", "value": "TestHomePage"}, {"name": "host", "value": "krot"}, {"name": "thread", "value": "12616-MainThread"}, {"name": "framework", "value": "pytest"}, {"name": "language", "value": "cpython3"}, {"name": "package", "value": "tests.chromeTests.testHomePage"}]}