{"name": "test_search_fld_valid2", "status": "failed", "statusDetails": {"message": "AssertionError: assert 'אק' in 'בדיקה 2'\n +  where 'בדיקה 2' = <bound method CommonActions.get_attribute_by_textcontent of <src.utils.commonActions.CommonActions object at 0x000001EE6AF2D900>>(('css selector', '#root > div > div.pages_pages > header > div > div > div > div.mainSearch_results > div > a:nth-child(1) > div > div.productDesc_productDesc.inlineProduct_desc > div.productDesc_name'))\n +    where <bound method CommonActions.get_attribute_by_textcontent of <src.utils.commonActions.CommonActions object at 0x000001EE6AF2D900>> = <src.utils.commonActions.CommonActions object at 0x000001EE6AF2D900>.get_attribute_by_textcontent\n +      where <src.utils.commonActions.CommonActions object at 0x000001EE6AF2D900> = <tests.edgeTests.testHomePage.TestHomePage object at 0x000001EE6AB9E1D0>.common_actions", "trace": "self = <tests.edgeTests.testHomePage.TestHomePage object at 0x000001EE6AB9E1D0>\ndriver = <selenium.webdriver.edge.webdriver.WebDriver (session=\"f1123ce786793cb92c7cf6841a867516\")>\n\n    @allure.description(\"the test is verify, if user can search valid item \")\n    def test_search_fld_valid2(self, driver):\n        self.welcome_to_modal.choose_coktails()\n        self.home_page.set_search_fld(\"אק\")\n        self.home_page.search_fld_click()\n>       assert \"אק\" in self.common_actions.get_attribute_by_textcontent(home_lcs[\"first_search_result\"])\nE       AssertionError: assert 'אק' in 'בדיקה 2'\nE        +  where 'בדיקה 2' = <bound method CommonActions.get_attribute_by_textcontent of <src.utils.commonActions.CommonActions object at 0x000001EE6AF2D900>>(('css selector', '#root > div > div.pages_pages > header > div > div > div > div.mainSearch_results > div > a:nth-child(1) > div > div.productDesc_productDesc.inlineProduct_desc > div.productDesc_name'))\nE        +    where <bound method CommonActions.get_attribute_by_textcontent of <src.utils.commonActions.CommonActions object at 0x000001EE6AF2D900>> = <src.utils.commonActions.CommonActions object at 0x000001EE6AF2D900>.get_attribute_by_textcontent\nE        +      where <src.utils.commonActions.CommonActions object at 0x000001EE6AF2D900> = <tests.edgeTests.testHomePage.TestHomePage object at 0x000001EE6AB9E1D0>.common_actions\n\ntests\\edgeTests\\testHomePage.py:28: AssertionError"}, "description": "the test is verify, if user can search valid item ", "start": 1680536092467, "stop": 1680536094563, "uuid": "c7f533f1-8176-4444-9665-e5226a4584c8", "historyId": "1f45c5b11609cbd2472ec4b95cee8291", "testCaseId": "a48500375248fb7772a9c07ff4bafdf8", "fullName": "tests.edgeTests.testHomePage.TestHomePage#test_search_fld_valid2", "labels": [{"name": "parentSuite", "value": "tests.edgeTests"}, {"name": "suite", "value": "testHomePage"}, {"name": "subSuite", "value": "TestHomePage"}, {"name": "host", "value": "krot"}, {"name": "thread", "value": "19772-MainThread"}, {"name": "framework", "value": "pytest"}, {"name": "language", "value": "cpython3"}, {"name": "package", "value": "tests.edgeTests.testHomePage"}]}