{"name": "test_acadia_product_verification2", "status": "failed", "statusDetails": {"message": "AssertionError: assert '28.90' in '279.00₪'\n +  where '279.00₪' = <bound method CommonActions.get_attribute_by_textcontent of <src.utils.commonActions.CommonActions object at 0x000001EE6B09E110>>(('css selector', '#root > div > div.pages_pages > div.pages_children.false > div > div > div.fullProduct_fullProduct >...div.fullProduct_side1 > div > div > div.fullProduct_productsHedaer > div:nth-child(1) > div > div > div > span > span'))\n +    where <bound method CommonActions.get_attribute_by_textcontent of <src.utils.commonActions.CommonActions object at 0x000001EE6B09E110>> = <src.utils.commonActions.CommonActions object at 0x000001EE6B09E110>.get_attribute_by_textcontent\n +      where <src.utils.commonActions.CommonActions object at 0x000001EE6B09E110> = <tests.edgeTests.testProductPage.TestProductPage object at 0x000001EE6A9ABE20>.common_actions", "trace": "self = <tests.edgeTests.testProductPage.TestProductPage object at 0x000001EE6A9ABE20>\ndriver = <selenium.webdriver.edge.webdriver.WebDriver (session=\"747e40d612c445da8235c37172bcc27d\")>\n\n    @allure.description(\"the test is verify, if product price matches a purchase price\")\n    def test_acadia_product_verification2(self, driver):\n        self.welcome_to_modal.choose_coktails()\n        self.product_page.click_on_product()\n>       assert \"28.90\" in self.common_actions.get_attribute_by_textcontent(product_lcs[\"product_price\"])\nE       AssertionError: assert '28.90' in '279.00₪'\nE        +  where '279.00₪' = <bound method CommonActions.get_attribute_by_textcontent of <src.utils.commonActions.CommonActions object at 0x000001EE6B09E110>>(('css selector', '#root > div > div.pages_pages > div.pages_children.false > div > div > div.fullProduct_fullProduct >...div.fullProduct_side1 > div > div > div.fullProduct_productsHedaer > div:nth-child(1) > div > div > div > span > span'))\nE        +    where <bound method CommonActions.get_attribute_by_textcontent of <src.utils.commonActions.CommonActions object at 0x000001EE6B09E110>> = <src.utils.commonActions.CommonActions object at 0x000001EE6B09E110>.get_attribute_by_textcontent\nE        +      where <src.utils.commonActions.CommonActions object at 0x000001EE6B09E110> = <tests.edgeTests.testProductPage.TestProductPage object at 0x000001EE6A9ABE20>.common_actions\n\ntests\\edgeTests\\testProductPage.py:42: AssertionError"}, "description": "the test is verify, if product price matches a purchase price", "start": 1680536446519, "stop": 1680536447095, "uuid": "095386c2-bdd8-46d7-9dd8-7adfd34fdc08", "historyId": "6171c939d56fe9d575127ed36c2e4b43", "testCaseId": "ef2cbab09eb3adb4bdbfea820428f34f", "fullName": "tests.edgeTests.testProductPage.TestProductPage#test_acadia_product_verification2", "labels": [{"name": "parentSuite", "value": "tests.edgeTests"}, {"name": "suite", "value": "testProductPage"}, {"name": "subSuite", "value": "TestProductPage"}, {"name": "host", "value": "krot"}, {"name": "thread", "value": "19772-MainThread"}, {"name": "framework", "value": "pytest"}, {"name": "language", "value": "cpython3"}, {"name": "package", "value": "tests.edgeTests.testProductPage"}]}