{"name": "test_google_link", "status": "failed", "statusDetails": {"message": "AssertionError: assert 'הגישה חסומה: הבקשה של האפליקציה הזו לא חוקית' != 'הגישה חסומה: הבקשה של האפליקציה הזו לא חוקית'\n +  where 'הגישה חסומה: הבקשה של האפליקציה הזו לא חוקית' = <bound method CommonActions.get_attribute_by_textcontent of <src.utils.commonActions.CommonActions object at 0x000001EE6AEB8700>>(('css selector', '#headingText > span'))\n +    where <bound method CommonActions.get_attribute_by_textcontent of <src.utils.commonActions.CommonActions object at 0x000001EE6AEB8700>> = <src.utils.commonActions.CommonActions object at 0x000001EE6AEB8700>.get_attribute_by_textcontent\n +      where <src.utils.commonActions.CommonActions object at 0x000001EE6AEB8700> = <tests.chromeTests.testSignInModal.TestSignInModal object at 0x000001EE6A9AABF0>.common_actions", "trace": "self = <tests.chromeTests.testSignInModal.TestSignInModal object at 0x000001EE6A9AABF0>\ndriver = <selenium.webdriver.chrome.webdriver.WebDriver (session=\"b1e1fd341a8fbc35b0ca3c18c369755d\")>\n\n    @allure.description(\"the test is verify, if google link is works\")\n    @allure.severity(severity_level='minor')\n    def test_google_link(self, driver):\n        self.welcome_to_modal.choose_coktails()\n        self.home_page.sign_in_click()\n        self.sign_up_modal.google_link()\n        sleep(1)\n        driver.switch_to.window(driver.window_handles[1])\n        assert \"https://accounts.google.com/\" in driver.current_url\n>       assert self.common_actions.get_attribute_by_textcontent(\n            sign_in_lcs[\"google_title\"]) != \"הגישה חסומה: הבקשה של האפליקציה הזו לא חוקית\"\nE       AssertionError: assert 'הגישה חסומה: הבקשה של האפליקציה הזו לא חוקית' != 'הגישה חסומה: הבקשה של האפליקציה הזו לא חוקית'\nE        +  where 'הגישה חסומה: הבקשה של האפליקציה הזו לא חוקית' = <bound method CommonActions.get_attribute_by_textcontent of <src.utils.commonActions.CommonActions object at 0x000001EE6AEB8700>>(('css selector', '#headingText > span'))\nE        +    where <bound method CommonActions.get_attribute_by_textcontent of <src.utils.commonActions.CommonActions object at 0x000001EE6AEB8700>> = <src.utils.commonActions.CommonActions object at 0x000001EE6AEB8700>.get_attribute_by_textcontent\nE        +      where <src.utils.commonActions.CommonActions object at 0x000001EE6AEB8700> = <tests.chromeTests.testSignInModal.TestSignInModal object at 0x000001EE6A9AABF0>.common_actions\n\ntests\\chromeTests\\testSignInModal.py:91: AssertionError"}, "description": "the test is verify, if google link is works", "start": 1680535680711, "stop": 1680535682805, "uuid": "91e59b1b-d115-4273-91ad-54d3e63235b9", "historyId": "965fa4ed48721c38cb43e6295b0550b2", "testCaseId": "552670bfb4784f60bfb2c7bb3cec245f", "fullName": "tests.chromeTests.testSignInModal.TestSignInModal#test_google_link", "labels": [{"name": "severity", "value": "minor"}, {"name": "parentSuite", "value": "tests.chromeTests"}, {"name": "suite", "value": "testSignInModal"}, {"name": "subSuite", "value": "TestSignInModal"}, {"name": "host", "value": "krot"}, {"name": "thread", "value": "19772-MainThread"}, {"name": "framework", "value": "pytest"}, {"name": "language", "value": "cpython3"}, {"name": "package", "value": "tests.chromeTests.testSignInModal"}]}